<?xml version="1.0" encoding="UTF-8"?>
<!-- Generated by org.testng.reporters.JUnitXMLReporter -->
<testsuite ignored="8" hostname="DESKTOP-3FJ2E8T" failures="1" tests="15" name="Test" time="542.795" errors="0" timestamp="2024-02-16T16:57:15 IST">
  <testcase classname="test.components.BottomLinksTest" name="bottomLinksTc13" time="93.378"/>
  <testcase classname="test.components.CheckOutTest" name="paymentTc12" time="63.739"/>
  <testcase classname="test.components.LoginTest" name="signinTc01" time="12.455"/>
  <testcase classname="test.components.LoginTest" name="signinTc02" time="15.086"/>
  <testcase classname="test.components.LoginTest" name="signinTc03" time="14.867"/>
  <testcase classname="test.components.LoginTest" name="signinTc04" time="15.131"/>
  <testcase classname="test.components.SearchAddItemTest" name="searchItemTc07" time="36.455"/>
  <testcase classname="test.components.ShopByDeaprtmentTest" name="departCartTc08" time="30.459"/>
  <testcase classname="test.components.ShopByDeaprtmentTest" name="departCartTc09" time="28.763"/>
  <testcase classname="test.components.UrlLinkTest" name="brokenUrlValidationTc15" time="8.543"/>
  <testcase classname="test.components.ShopByBrandTest" name="brandCartTc11" time="41.916"/>
  <testcase classname="test.components.ShopByBrandTest" name="brandCartTc10" time="31.2"/>
  <testcase classname="test.components.MenuTest" name="menuValidationTc14" time="6.2">
    <failure type="java.lang.AssertionError" message="expected [Top Deals and Featured Offers on Electronics - Best Buy] but found [Best Buy | Official Online Store | Shop Now &amp;amp; Save]">
      <![CDATA[java.lang.AssertionError: expected [Top Deals and Featured Offers on Electronics - Best Buy] but found [Best Buy | Official Online Store | Shop Now & Save]
at page.components.MenuPage.menuValidate(MenuPage.java:51)
at test.components.MenuTest.menuValidationTc14(MenuTest.java:20)
at java.base/java.util.ArrayList.forEach(ArrayList.java:1511)
... Removed 33 stack frames]]>
    </failure>
  </testcase> <!-- menuValidationTc14 -->
  <testcase classname="test.components.AccountCreationTest" name="creationTc05" time="15.845"/>
  <testcase classname="test.components.AccountCreationTest" name="creationTc06" time="16.316"/>
  <testcase classname="base.components.Engine" name="@BeforeSuite beforeSuite" time="0.0">
    <ignored/>
  </testcase> <!-- @BeforeSuite beforeSuite -->
  <testcase classname="base.components.Engine" name="@BeforeSuite beforeSuite" time="0.0">
    <ignored/>
  </testcase> <!-- @BeforeSuite beforeSuite -->
  <testcase classname="base.components.Engine" name="@BeforeSuite beforeSuite" time="0.0">
    <ignored/>
  </testcase> <!-- @BeforeSuite beforeSuite -->
  <testcase classname="base.components.Engine" name="@BeforeSuite beforeSuite" time="0.0">
    <ignored/>
  </testcase> <!-- @BeforeSuite beforeSuite -->
  <testcase classname="base.components.Engine" name="@BeforeSuite beforeSuite" time="0.0">
    <ignored/>
  </testcase> <!-- @BeforeSuite beforeSuite -->
  <testcase classname="base.components.Engine" name="@BeforeSuite beforeSuite" time="0.0">
    <ignored/>
  </testcase> <!-- @BeforeSuite beforeSuite -->
  <testcase classname="base.components.Engine" name="@BeforeSuite beforeSuite" time="0.0">
    <ignored/>
  </testcase> <!-- @BeforeSuite beforeSuite -->
  <testcase classname="base.components.Engine" name="@BeforeSuite beforeSuite" time="0.0">
    <ignored/>
  </testcase> <!-- @BeforeSuite beforeSuite -->
</testsuite> <!-- Test -->
