<!DOCTYPE html PUBLIC "-//W3C//DTD XHTML 1.1//EN" "https://www.w3.org/TR/xhtml11/DTD/xhtml11.dtd">
<html xmlns="https://www.w3.org/1999/xhtml">
<head>
<meta http-equiv="content-type" content="text/html; charset=UTF-8"/>
<title>TestNG Report</title>
<style type="text/css">table {margin-bottom:10px;border-collapse:collapse;empty-cells:show}th,td {border:1px solid #009;padding:.25em .5em}th {vertical-align:bottom}td {vertical-align:top}table a {font-weight:bold}.stripe td {background-color: #E6EBF9}.num {text-align:right}.passedodd td {background-color: #3F3}.passedeven td {background-color: #0A0}.skippedodd td {background-color: #DDD}.skippedeven td {background-color: #CCC}.failedodd td,.attn {background-color: #F33}.failedeven td,.stripe .attn {background-color: #D00}.stacktrace {white-space:pre;font-family:monospace}.totop {font-size:85%;text-align:center;border-bottom:2px solid #000}.invisible {display:none}</style>
</head>
<body>
<table>
<tr><th>Test</th><th># Passed</th><th># Skipped</th><th># Retried</th><th># Failed</th><th>Time (ms)</th><th>Included Groups</th><th>Excluded Groups</th></tr>
<tr><th colspan="8">Suite</th></tr>
<tr><td><a href="#t0">Test</a></td><td class="num">14</td><td class="num">0</td><td class="num">0</td><td class="num attn">1</td><td class="num">620,172</td><td>Regression</td><td></td></tr>
<tr class="stripe"><td><a href="#t1">Test1</a></td><td class="num">14</td><td class="num">0</td><td class="num">0</td><td class="num attn">1</td><td class="num">597,137</td><td>Regression</td><td></td></tr>
<tr><th>Total</th><th class="num">28</th><th class="num">0</th><th class="num">0</th><th class="num attn">2</th><th class="num">1,217,309</th><th colspan="2"></th></tr>
</table>
<table id='summary'><thead><tr><th>Class</th><th>Method</th><th>Start</th><th>Time (ms)</th></tr></thead><tbody><tr><th colspan="4">Suite</th></tr></tbody><tbody id="t0"><tr><th colspan="4">Test &#8212; failed</th></tr><tr class="failedeven"><td rowspan="1">test.components.ShopByDeaprtmentTest</td><td><a href="#m0">departCartTc09</a></td><td rowspan="1">1708084229461</td><td rowspan="1">49012</td></tr><tr><th colspan="4">Test &#8212; passed</th></tr><tr class="passedeven"><td rowspan="2">test.components.AccountCreationTest</td><td><a href="#m1">creationTc05</a></td><td rowspan="1">1708084466023</td><td rowspan="1">15274</td></tr><tr class="passedeven"><td><a href="#m2">creationTc06</a></td><td rowspan="1">1708084488125</td><td rowspan="1">28274</td></tr><tr class="passedodd"><td rowspan="1">test.components.BottomLinksTest</td><td><a href="#m3">bottomLinksTc13</a></td><td rowspan="1">1708083904718</td><td rowspan="1">86194</td></tr><tr class="passedeven"><td rowspan="1">test.components.CheckOutTest</td><td><a href="#m4">paymentTc12</a></td><td rowspan="1">1708084000385</td><td rowspan="1">63989</td></tr><tr class="passedodd"><td rowspan="4">test.components.LoginTest</td><td><a href="#m5">signinTc01</a></td><td rowspan="1">1708084071252</td><td rowspan="1">13273</td></tr><tr class="passedodd"><td><a href="#m6">signinTc02</a></td><td rowspan="1">1708084093568</td><td rowspan="1">15818</td></tr><tr class="passedodd"><td><a href="#m7">signinTc03</a></td><td rowspan="1">1708084116389</td><td rowspan="1">14784</td></tr><tr class="passedodd"><td><a href="#m8">signinTc04</a></td><td rowspan="1">1708084138247</td><td rowspan="1">10893</td></tr><tr class="passedeven"><td rowspan="1">test.components.MenuTest</td><td><a href="#m9">menuValidationTc14</a></td><td rowspan="1">1708084390735</td><td rowspan="1">68220</td></tr><tr class="passedodd"><td rowspan="1">test.components.SearchAddItemTest</td><td><a href="#m10">searchItemTc07</a></td><td rowspan="1">1708084156834</td><td rowspan="1">29457</td></tr><tr class="passedeven"><td rowspan="2">test.components.ShopByBrandTest</td><td><a href="#m11">brandCartTc10</a></td><td rowspan="1">1708084342148</td><td rowspan="1">40900</td></tr><tr class="passedeven"><td><a href="#m12">brandCartTc11</a></td><td rowspan="1">1708084301579</td><td rowspan="1">33078</td></tr><tr class="passedodd"><td rowspan="1">test.components.ShopByDeaprtmentTest</td><td><a href="#m13">departCartTc08</a></td><td rowspan="1">1708084193542</td><td rowspan="1">29023</td></tr><tr class="passedeven"><td rowspan="1">test.components.UrlLinkTest</td><td><a href="#m14">brokenUrlValidationTc15</a></td><td rowspan="1">1708084285490</td><td rowspan="1">9834</td></tr></tbody>
<tbody id="t1"><tr><th colspan="4">Test1 &#8212; failed</th></tr><tr class="failedeven"><td rowspan="1">test.components.ShopByDeaprtmentTest</td><td><a href="#m15">departCartTc08</a></td><td rowspan="1">1708084794453</td><td rowspan="1">49932</td></tr><tr><th colspan="4">Test1 &#8212; passed</th></tr><tr class="passedeven"><td rowspan="2">test.components.AccountCreationTest</td><td><a href="#m16">creationTc05</a></td><td rowspan="1">1708085069481</td><td rowspan="1">23896</td></tr><tr class="passedeven"><td><a href="#m17">creationTc06</a></td><td rowspan="1">1708085096675</td><td rowspan="1">18169</td></tr><tr class="passedodd"><td rowspan="1">test.components.BottomLinksTest</td><td><a href="#m18">bottomLinksTc13</a></td><td rowspan="1">1708084520655</td><td rowspan="1">100077</td></tr><tr class="passedeven"><td rowspan="1">test.components.CheckOutTest</td><td><a href="#m19">paymentTc12</a></td><td rowspan="1">1708084624478</td><td rowspan="1">61505</td></tr><tr class="passedodd"><td rowspan="4">test.components.LoginTest</td><td><a href="#m20">signinTc01</a></td><td rowspan="1">1708084689624</td><td rowspan="1">14140</td></tr><tr class="passedodd"><td><a href="#m21">signinTc02</a></td><td rowspan="1">1708084707007</td><td rowspan="1">14557</td></tr><tr class="passedodd"><td><a href="#m22">signinTc03</a></td><td rowspan="1">1708084723918</td><td rowspan="1">15231</td></tr><tr class="passedodd"><td><a href="#m23">signinTc04</a></td><td rowspan="1">1708084742842</td><td rowspan="1">15860</td></tr><tr class="passedeven"><td rowspan="1">test.components.MenuTest</td><td><a href="#m24">menuValidationTc14</a></td><td rowspan="1">1708084975909</td><td rowspan="1">88322</td></tr><tr class="passedodd"><td rowspan="1">test.components.SearchAddItemTest</td><td><a href="#m25">searchItemTc07</a></td><td rowspan="1">1708084761886</td><td rowspan="1">29147</td></tr><tr class="passedeven"><td rowspan="2">test.components.ShopByBrandTest</td><td><a href="#m26">brandCartTc10</a></td><td rowspan="1">1708084932315</td><td rowspan="1">39996</td></tr><tr class="passedeven"><td><a href="#m27">brandCartTc11</a></td><td rowspan="1">1708084891994</td><td rowspan="1">36953</td></tr><tr class="passedodd"><td rowspan="1">test.components.ShopByDeaprtmentTest</td><td><a href="#m28">departCartTc09</a></td><td rowspan="1">1708084848548</td><td rowspan="1">29382</td></tr><tr class="passedeven"><td rowspan="1">test.components.UrlLinkTest</td><td><a href="#m29">brokenUrlValidationTc15</a></td><td rowspan="1">1708084881230</td><td rowspan="1">8423</td></tr></tbody>
</table>
<h2>Test</h2><h3 id="m0">test.components.ShopByDeaprtmentTest#departCartTc09</h3><table class="result"><tr><th>Exception</th></tr><tr><td><div class="stacktrace">org.openqa.selenium.TimeoutException: Expected condition failed: waiting for element to be clickable: Proxy element for: DefaultElementLocator &apos;By.xpath: //button[@data-sku-id=&apos;6261814&apos;]&apos; (tried for 40 second(s) with 500 milliseconds interval)
	at org.openqa.selenium.support.ui.WebDriverWait.timeoutException(WebDriverWait.java:84)
	at org.openqa.selenium.support.ui.FluentWait.until(FluentWait.java:230)
	at utility.WebUtilis.waitClickable(WebUtilis.java:114)
	at page.components.ShopByDepartmentCart.departmentCart2(ShopByDepartmentCart.java:91)
	at test.components.ShopByDeaprtmentTest.departCartTc09(ShopByDeaprtmentTest.java:34)
	at java.base/java.util.ArrayList.forEach(ArrayList.java:1541)
Caused by: org.openqa.selenium.NoSuchElementException: Unable to locate element: //button[@data-sku-id=&apos;6261814&apos;]
For documentation on this error, please visit: https://www.selenium.dev/documentation/webdriver/troubleshooting/errors#no-such-element-exception
Build info: version: &apos;4.13.0&apos;, revision: &apos;ba948ece5b*&apos;
System info: os.name: &apos;Windows 11&apos;, os.arch: &apos;amd64&apos;, os.version: &apos;10.0&apos;, java.version: &apos;11.0.18&apos;
Driver info: org.openqa.selenium.firefox.FirefoxDriver
Command: [9abb0adc-9d58-48f8-bf57-13723f6c2425, findElement {using=xpath, value=//button[@data-sku-id=&apos;6261814&apos;]}]
Capabilities {acceptInsecureCerts: true, browserName: firefox, browserVersion: 122.0.1, moz:accessibilityChecks: false, moz:buildID: 20240205133611, moz:debuggerAddress: 127.0.0.1:16569, moz:geckodriverVersion: 0.34.0, moz:headless: false, moz:platformVersion: 10.0, moz:processID: 20912, moz:profile: C:\Users\santh\AppData\Loca..., moz:shutdownTimeout: 60000, moz:webdriverClick: true, moz:windowless: false, pageLoadStrategy: normal, platformName: windows, proxy: Proxy(), se:cdp: ws://127.0.0.1:16569/devtoo..., se:cdpVersion: 85.0, setWindowRect: true, strictFileInteractability: false, timeouts: {implicit: 0, pageLoad: 300000, script: 30000}, unhandledPromptBehavior: dismiss and notify}
Session ID: 9abb0adc-9d58-48f8-bf57-13723f6c2425
	at org.openqa.selenium.remote.codec.w3c.W3CHttpResponseCodec.createException(W3CHttpResponseCodec.java:200)
	at org.openqa.selenium.remote.codec.w3c.W3CHttpResponseCodec.decode(W3CHttpResponseCodec.java:133)
	at org.openqa.selenium.remote.codec.w3c.W3CHttpResponseCodec.decode(W3CHttpResponseCodec.java:52)
	at org.openqa.selenium.remote.HttpCommandExecutor.execute(HttpCommandExecutor.java:191)
	at org.openqa.selenium.remote.service.DriverCommandExecutor.invokeExecute(DriverCommandExecutor.java:196)
	at org.openqa.selenium.remote.service.DriverCommandExecutor.execute(DriverCommandExecutor.java:171)
	at org.openqa.selenium.remote.RemoteWebDriver.execute(RemoteWebDriver.java:602)
	at org.openqa.selenium.remote.ElementLocation$ElementFinder$2.findElement(ElementLocation.java:165)
	at org.openqa.selenium.remote.ElementLocation.findElement(ElementLocation.java:59)
	at org.openqa.selenium.remote.RemoteWebDriver.findElement(RemoteWebDriver.java:359)
	at org.openqa.selenium.remote.RemoteWebDriver.findElement(RemoteWebDriver.java:353)
	at org.openqa.selenium.support.pagefactory.DefaultElementLocator.findElement(DefaultElementLocator.java:68)
	at org.openqa.selenium.support.pagefactory.internal.LocatingElementHandler.invoke(LocatingElementHandler.java:38)
	at com.sun.proxy.$Proxy15.isDisplayed(Unknown Source)
	at org.openqa.selenium.support.ui.ExpectedConditions.elementIfVisible(ExpectedConditions.java:304)
	at org.openqa.selenium.support.ui.ExpectedConditions.access$000(ExpectedConditions.java:37)
	at org.openqa.selenium.support.ui.ExpectedConditions$10.apply(ExpectedConditions.java:290)
	at org.openqa.selenium.support.ui.ExpectedConditions$10.apply(ExpectedConditions.java:287)
	at org.openqa.selenium.support.ui.ExpectedConditions$23.apply(ExpectedConditions.java:656)
	at org.openqa.selenium.support.ui.ExpectedConditions$23.apply(ExpectedConditions.java:652)
	at org.openqa.selenium.support.ui.FluentWait.until(FluentWait.java:205)
	... 35 more
... Removed 34 stack frames</div></td></tr></table><p class="totop"><a href="#summary">back to summary</a></p>
<h3 id="m1">test.components.AccountCreationTest#creationTc05</h3><table class="result"><tr><th class="invisible"/></tr></table><p class="totop"><a href="#summary">back to summary</a></p>
<h3 id="m2">test.components.AccountCreationTest#creationTc06</h3><table class="result"><tr><th class="invisible"/></tr></table><p class="totop"><a href="#summary">back to summary</a></p>
<h3 id="m3">test.components.BottomLinksTest#bottomLinksTc13</h3><table class="result"><tr><th class="invisible"/></tr></table><p class="totop"><a href="#summary">back to summary</a></p>
<h3 id="m4">test.components.CheckOutTest#paymentTc12</h3><table class="result"><tr><th class="invisible"/></tr></table><p class="totop"><a href="#summary">back to summary</a></p>
<h3 id="m5">test.components.LoginTest#signinTc01</h3><table class="result"><tr><th class="invisible"/></tr></table><p class="totop"><a href="#summary">back to summary</a></p>
<h3 id="m6">test.components.LoginTest#signinTc02</h3><table class="result"><tr><th class="invisible"/></tr></table><p class="totop"><a href="#summary">back to summary</a></p>
<h3 id="m7">test.components.LoginTest#signinTc03</h3><table class="result"><tr><th class="invisible"/></tr></table><p class="totop"><a href="#summary">back to summary</a></p>
<h3 id="m8">test.components.LoginTest#signinTc04</h3><table class="result"><tr><th class="invisible"/></tr></table><p class="totop"><a href="#summary">back to summary</a></p>
<h3 id="m9">test.components.MenuTest#menuValidationTc14</h3><table class="result"><tr><th class="invisible"/></tr></table><p class="totop"><a href="#summary">back to summary</a></p>
<h3 id="m10">test.components.SearchAddItemTest#searchItemTc07</h3><table class="result"><tr><th class="invisible"/></tr></table><p class="totop"><a href="#summary">back to summary</a></p>
<h3 id="m11">test.components.ShopByBrandTest#brandCartTc10</h3><table class="result"><tr><th class="invisible"/></tr></table><p class="totop"><a href="#summary">back to summary</a></p>
<h3 id="m12">test.components.ShopByBrandTest#brandCartTc11</h3><table class="result"><tr><th class="invisible"/></tr></table><p class="totop"><a href="#summary">back to summary</a></p>
<h3 id="m13">test.components.ShopByDeaprtmentTest#departCartTc08</h3><table class="result"><tr><th class="invisible"/></tr></table><p class="totop"><a href="#summary">back to summary</a></p>
<h3 id="m14">test.components.UrlLinkTest#brokenUrlValidationTc15</h3><table class="result"><tr><th class="invisible"/></tr></table><p class="totop"><a href="#summary">back to summary</a></p>
<h2>Test1</h2><h3 id="m15">test.components.ShopByDeaprtmentTest#departCartTc08</h3><table class="result"><tr><th>Exception</th></tr><tr><td><div class="stacktrace">org.openqa.selenium.TimeoutException: Expected condition failed: waiting for element to be clickable: Proxy element for: DefaultElementLocator &apos;By.xpath: (//button[@data-sku-id=&apos;6488940&apos;])[1]&apos; (tried for 40 second(s) with 500 milliseconds interval)
	at org.openqa.selenium.support.ui.WebDriverWait.timeoutException(WebDriverWait.java:84)
	at org.openqa.selenium.support.ui.FluentWait.until(FluentWait.java:230)
	at utility.WebUtilis.waitClickable(WebUtilis.java:114)
	at page.components.ShopByDepartmentCart.departmentCart1(ShopByDepartmentCart.java:67)
	at test.components.ShopByDeaprtmentTest.departCartTc08(ShopByDeaprtmentTest.java:20)
	at java.base/java.util.ArrayList.forEach(ArrayList.java:1541)
Caused by: org.openqa.selenium.NoSuchElementException: no such element: Unable to locate element: {&quot;method&quot;:&quot;xpath&quot;,&quot;selector&quot;:&quot;(//button[@data-sku-id=&apos;6488940&apos;])[1]&quot;}
  (Session info: chrome=121.0.6167.185)
For documentation on this error, please visit: https://www.selenium.dev/documentation/webdriver/troubleshooting/errors#no-such-element-exception
Build info: version: &apos;4.13.0&apos;, revision: &apos;ba948ece5b*&apos;
System info: os.name: &apos;Windows 11&apos;, os.arch: &apos;amd64&apos;, os.version: &apos;10.0&apos;, java.version: &apos;11.0.18&apos;
Driver info: org.openqa.selenium.chrome.ChromeDriver
Command: [41f3245b5a2e0e3b78ad1f7c8688f6f4, findElement {using=xpath, value=(//button[@data-sku-id=&apos;6488940&apos;])[1]}]
Capabilities {acceptInsecureCerts: false, browserName: chrome, browserVersion: 121.0.6167.185, chrome: {chromedriverVersion: 121.0.6167.85 (3f98d690ad7e..., userDataDir: C:\Users\santh\AppData\Loca...}, fedcm:accounts: true, goog:chromeOptions: {debuggerAddress: localhost:58933}, networkConnectionEnabled: false, pageLoadStrategy: normal, platformName: windows, proxy: Proxy(), se:cdp: ws://localhost:58933/devtoo..., se:cdpVersion: 121.0.6167.185, setWindowRect: true, strictFileInteractability: false, timeouts: {implicit: 0, pageLoad: 300000, script: 30000}, unhandledPromptBehavior: dismiss and notify, webauthn:extension:credBlob: true, webauthn:extension:largeBlob: true, webauthn:extension:minPinLength: true, webauthn:extension:prf: true, webauthn:virtualAuthenticators: true}
Session ID: 41f3245b5a2e0e3b78ad1f7c8688f6f4
	at org.openqa.selenium.remote.codec.w3c.W3CHttpResponseCodec.createException(W3CHttpResponseCodec.java:200)
	at org.openqa.selenium.remote.codec.w3c.W3CHttpResponseCodec.decode(W3CHttpResponseCodec.java:133)
	at org.openqa.selenium.remote.codec.w3c.W3CHttpResponseCodec.decode(W3CHttpResponseCodec.java:52)
	at org.openqa.selenium.remote.HttpCommandExecutor.execute(HttpCommandExecutor.java:191)
	at org.openqa.selenium.remote.service.DriverCommandExecutor.invokeExecute(DriverCommandExecutor.java:196)
	at org.openqa.selenium.remote.service.DriverCommandExecutor.execute(DriverCommandExecutor.java:171)
	at org.openqa.selenium.remote.RemoteWebDriver.execute(RemoteWebDriver.java:602)
	at org.openqa.selenium.remote.ElementLocation$ElementFinder$2.findElement(ElementLocation.java:165)
	at org.openqa.selenium.remote.ElementLocation.findElement(ElementLocation.java:59)
	at org.openqa.selenium.remote.RemoteWebDriver.findElement(RemoteWebDriver.java:359)
	at org.openqa.selenium.remote.RemoteWebDriver.findElement(RemoteWebDriver.java:353)
	at org.openqa.selenium.support.pagefactory.DefaultElementLocator.findElement(DefaultElementLocator.java:68)
	at org.openqa.selenium.support.pagefactory.internal.LocatingElementHandler.invoke(LocatingElementHandler.java:38)
	at com.sun.proxy.$Proxy15.isDisplayed(Unknown Source)
	at org.openqa.selenium.support.ui.ExpectedConditions.elementIfVisible(ExpectedConditions.java:304)
	at org.openqa.selenium.support.ui.ExpectedConditions.access$000(ExpectedConditions.java:37)
	at org.openqa.selenium.support.ui.ExpectedConditions$10.apply(ExpectedConditions.java:290)
	at org.openqa.selenium.support.ui.ExpectedConditions$10.apply(ExpectedConditions.java:287)
	at org.openqa.selenium.support.ui.ExpectedConditions$23.apply(ExpectedConditions.java:656)
	at org.openqa.selenium.support.ui.ExpectedConditions$23.apply(ExpectedConditions.java:652)
	at org.openqa.selenium.support.ui.FluentWait.until(FluentWait.java:205)
	... 35 more
... Removed 34 stack frames</div></td></tr></table><p class="totop"><a href="#summary">back to summary</a></p>
<h3 id="m16">test.components.AccountCreationTest#creationTc05</h3><table class="result"><tr><th class="invisible"/></tr></table><p class="totop"><a href="#summary">back to summary</a></p>
<h3 id="m17">test.components.AccountCreationTest#creationTc06</h3><table class="result"><tr><th class="invisible"/></tr></table><p class="totop"><a href="#summary">back to summary</a></p>
<h3 id="m18">test.components.BottomLinksTest#bottomLinksTc13</h3><table class="result"><tr><th class="invisible"/></tr></table><p class="totop"><a href="#summary">back to summary</a></p>
<h3 id="m19">test.components.CheckOutTest#paymentTc12</h3><table class="result"><tr><th class="invisible"/></tr></table><p class="totop"><a href="#summary">back to summary</a></p>
<h3 id="m20">test.components.LoginTest#signinTc01</h3><table class="result"><tr><th class="invisible"/></tr></table><p class="totop"><a href="#summary">back to summary</a></p>
<h3 id="m21">test.components.LoginTest#signinTc02</h3><table class="result"><tr><th class="invisible"/></tr></table><p class="totop"><a href="#summary">back to summary</a></p>
<h3 id="m22">test.components.LoginTest#signinTc03</h3><table class="result"><tr><th class="invisible"/></tr></table><p class="totop"><a href="#summary">back to summary</a></p>
<h3 id="m23">test.components.LoginTest#signinTc04</h3><table class="result"><tr><th class="invisible"/></tr></table><p class="totop"><a href="#summary">back to summary</a></p>
<h3 id="m24">test.components.MenuTest#menuValidationTc14</h3><table class="result"><tr><th class="invisible"/></tr></table><p class="totop"><a href="#summary">back to summary</a></p>
<h3 id="m25">test.components.SearchAddItemTest#searchItemTc07</h3><table class="result"><tr><th class="invisible"/></tr></table><p class="totop"><a href="#summary">back to summary</a></p>
<h3 id="m26">test.components.ShopByBrandTest#brandCartTc10</h3><table class="result"><tr><th class="invisible"/></tr></table><p class="totop"><a href="#summary">back to summary</a></p>
<h3 id="m27">test.components.ShopByBrandTest#brandCartTc11</h3><table class="result"><tr><th class="invisible"/></tr></table><p class="totop"><a href="#summary">back to summary</a></p>
<h3 id="m28">test.components.ShopByDeaprtmentTest#departCartTc09</h3><table class="result"><tr><th class="invisible"/></tr></table><p class="totop"><a href="#summary">back to summary</a></p>
<h3 id="m29">test.components.UrlLinkTest#brokenUrlValidationTc15</h3><table class="result"><tr><th class="invisible"/></tr></table><p class="totop"><a href="#summary">back to summary</a></p>
</body>
</html>
