<?xml version="1.0" encoding="UTF-8"?>
<testng-results ignored="16" total="46" passed="28" failed="2" skipped="0">
  <reporter-output>
  </reporter-output>
  <suite started-at="2024-02-16T17:14:57 IST" name="Suite" finished-at="2024-02-16T17:35:15 IST" duration-ms="1217427">
    <groups>
      <group name="Regression">
        <method signature="AccountCreationTest.creationTc05()[pri:1, instance:test.components.AccountCreationTest@2b40ff9c]" name="creationTc05" class="test.components.AccountCreationTest"/>
        <method signature="BottomLinksTest.bottomLinksTc13()[pri:1, instance:test.components.BottomLinksTest@7ce69770]" name="bottomLinksTc13" class="test.components.BottomLinksTest"/>
        <method signature="CheckOutTest.paymentTc12()[pri:1, instance:test.components.CheckOutTest@31ea9581]" name="paymentTc12" class="test.components.CheckOutTest"/>
        <method signature="LoginTest.signinTc01()[pri:1, instance:test.components.LoginTest@231f98ef]" name="signinTc01" class="test.components.LoginTest"/>
        <method signature="MenuTest.menuValidationTc14()[pri:1, instance:test.components.MenuTest@451001e5]" name="menuValidationTc14" class="test.components.MenuTest"/>
        <method signature="SearchAddItemTest.searchItemTc07()[pri:1, instance:test.components.SearchAddItemTest@7c137fd5]" name="searchItemTc07" class="test.components.SearchAddItemTest"/>
        <method signature="ShopByBrandTest.brandCartTc11()[pri:1, instance:test.components.ShopByBrandTest@221a3fa4]" name="brandCartTc11" class="test.components.ShopByBrandTest"/>
        <method signature="ShopByDeaprtmentTest.departCartTc08()[pri:1, instance:test.components.ShopByDeaprtmentTest@183ec003]" name="departCartTc08" class="test.components.ShopByDeaprtmentTest"/>
        <method signature="UrlLinkTest.brokenUrlValidationTc15()[pri:1, instance:test.components.UrlLinkTest@7d9d0818]" name="brokenUrlValidationTc15" class="test.components.UrlLinkTest"/>
        <method signature="AccountCreationTest.creationTc06()[pri:2, instance:test.components.AccountCreationTest@2b40ff9c]" name="creationTc06" class="test.components.AccountCreationTest"/>
        <method signature="LoginTest.signinTc02()[pri:2, instance:test.components.LoginTest@231f98ef]" name="signinTc02" class="test.components.LoginTest"/>
        <method signature="ShopByBrandTest.brandCartTc10()[pri:2, instance:test.components.ShopByBrandTest@221a3fa4]" name="brandCartTc10" class="test.components.ShopByBrandTest"/>
        <method signature="ShopByDeaprtmentTest.departCartTc09()[pri:2, instance:test.components.ShopByDeaprtmentTest@183ec003]" name="departCartTc09" class="test.components.ShopByDeaprtmentTest"/>
        <method signature="LoginTest.signinTc03()[pri:11, instance:test.components.LoginTest@231f98ef]" name="signinTc03" class="test.components.LoginTest"/>
        <method signature="LoginTest.signinTc04()[pri:12, instance:test.components.LoginTest@231f98ef]" name="signinTc04" class="test.components.LoginTest"/>
        <method signature="AccountCreationTest.creationTc05()[pri:1, instance:test.components.AccountCreationTest@6a8658ff]" name="creationTc05" class="test.components.AccountCreationTest"/>
        <method signature="BottomLinksTest.bottomLinksTc13()[pri:1, instance:test.components.BottomLinksTest@68c9d179]" name="bottomLinksTc13" class="test.components.BottomLinksTest"/>
        <method signature="CheckOutTest.paymentTc12()[pri:1, instance:test.components.CheckOutTest@d554c5f]" name="paymentTc12" class="test.components.CheckOutTest"/>
        <method signature="LoginTest.signinTc01()[pri:1, instance:test.components.LoginTest@2dfaea86]" name="signinTc01" class="test.components.LoginTest"/>
        <method signature="MenuTest.menuValidationTc14()[pri:1, instance:test.components.MenuTest@3feb2dda]" name="menuValidationTc14" class="test.components.MenuTest"/>
        <method signature="SearchAddItemTest.searchItemTc07()[pri:1, instance:test.components.SearchAddItemTest@15888343]" name="searchItemTc07" class="test.components.SearchAddItemTest"/>
        <method signature="ShopByBrandTest.brandCartTc11()[pri:1, instance:test.components.ShopByBrandTest@6e2829c7]" name="brandCartTc11" class="test.components.ShopByBrandTest"/>
        <method signature="ShopByDeaprtmentTest.departCartTc08()[pri:1, instance:test.components.ShopByDeaprtmentTest@33ecda92]" name="departCartTc08" class="test.components.ShopByDeaprtmentTest"/>
        <method signature="UrlLinkTest.brokenUrlValidationTc15()[pri:1, instance:test.components.UrlLinkTest@14fc5f04]" name="brokenUrlValidationTc15" class="test.components.UrlLinkTest"/>
        <method signature="AccountCreationTest.creationTc06()[pri:2, instance:test.components.AccountCreationTest@6a8658ff]" name="creationTc06" class="test.components.AccountCreationTest"/>
        <method signature="LoginTest.signinTc02()[pri:2, instance:test.components.LoginTest@2dfaea86]" name="signinTc02" class="test.components.LoginTest"/>
        <method signature="ShopByBrandTest.brandCartTc10()[pri:2, instance:test.components.ShopByBrandTest@6e2829c7]" name="brandCartTc10" class="test.components.ShopByBrandTest"/>
        <method signature="ShopByDeaprtmentTest.departCartTc09()[pri:2, instance:test.components.ShopByDeaprtmentTest@33ecda92]" name="departCartTc09" class="test.components.ShopByDeaprtmentTest"/>
        <method signature="LoginTest.signinTc03()[pri:11, instance:test.components.LoginTest@2dfaea86]" name="signinTc03" class="test.components.LoginTest"/>
        <method signature="LoginTest.signinTc04()[pri:12, instance:test.components.LoginTest@2dfaea86]" name="signinTc04" class="test.components.LoginTest"/>
      </group> <!-- Regression -->
      <group name="Smoke">
        <method signature="AccountCreationTest.creationTc05()[pri:1, instance:test.components.AccountCreationTest@2b40ff9c]" name="creationTc05" class="test.components.AccountCreationTest"/>
        <method signature="BottomLinksTest.bottomLinksTc13()[pri:1, instance:test.components.BottomLinksTest@7ce69770]" name="bottomLinksTc13" class="test.components.BottomLinksTest"/>
        <method signature="CheckOutTest.paymentTc12()[pri:1, instance:test.components.CheckOutTest@31ea9581]" name="paymentTc12" class="test.components.CheckOutTest"/>
        <method signature="LoginTest.signinTc01()[pri:1, instance:test.components.LoginTest@231f98ef]" name="signinTc01" class="test.components.LoginTest"/>
        <method signature="MenuTest.menuValidationTc14()[pri:1, instance:test.components.MenuTest@451001e5]" name="menuValidationTc14" class="test.components.MenuTest"/>
        <method signature="SearchAddItemTest.searchItemTc07()[pri:1, instance:test.components.SearchAddItemTest@7c137fd5]" name="searchItemTc07" class="test.components.SearchAddItemTest"/>
        <method signature="ShopByDeaprtmentTest.departCartTc08()[pri:1, instance:test.components.ShopByDeaprtmentTest@183ec003]" name="departCartTc08" class="test.components.ShopByDeaprtmentTest"/>
        <method signature="UrlLinkTest.brokenUrlValidationTc15()[pri:1, instance:test.components.UrlLinkTest@7d9d0818]" name="brokenUrlValidationTc15" class="test.components.UrlLinkTest"/>
        <method signature="ShopByBrandTest.brandCartTc10()[pri:2, instance:test.components.ShopByBrandTest@221a3fa4]" name="brandCartTc10" class="test.components.ShopByBrandTest"/>
        <method signature="AccountCreationTest.creationTc05()[pri:1, instance:test.components.AccountCreationTest@6a8658ff]" name="creationTc05" class="test.components.AccountCreationTest"/>
        <method signature="BottomLinksTest.bottomLinksTc13()[pri:1, instance:test.components.BottomLinksTest@68c9d179]" name="bottomLinksTc13" class="test.components.BottomLinksTest"/>
        <method signature="CheckOutTest.paymentTc12()[pri:1, instance:test.components.CheckOutTest@d554c5f]" name="paymentTc12" class="test.components.CheckOutTest"/>
        <method signature="LoginTest.signinTc01()[pri:1, instance:test.components.LoginTest@2dfaea86]" name="signinTc01" class="test.components.LoginTest"/>
        <method signature="MenuTest.menuValidationTc14()[pri:1, instance:test.components.MenuTest@3feb2dda]" name="menuValidationTc14" class="test.components.MenuTest"/>
        <method signature="SearchAddItemTest.searchItemTc07()[pri:1, instance:test.components.SearchAddItemTest@15888343]" name="searchItemTc07" class="test.components.SearchAddItemTest"/>
        <method signature="ShopByDeaprtmentTest.departCartTc08()[pri:1, instance:test.components.ShopByDeaprtmentTest@33ecda92]" name="departCartTc08" class="test.components.ShopByDeaprtmentTest"/>
        <method signature="UrlLinkTest.brokenUrlValidationTc15()[pri:1, instance:test.components.UrlLinkTest@14fc5f04]" name="brokenUrlValidationTc15" class="test.components.UrlLinkTest"/>
        <method signature="ShopByBrandTest.brandCartTc10()[pri:2, instance:test.components.ShopByBrandTest@6e2829c7]" name="brandCartTc10" class="test.components.ShopByBrandTest"/>
      </group> <!-- Smoke -->
    </groups>
    <test started-at="2024-02-16T17:14:57 IST" name="Test" finished-at="2024-02-16T17:25:18 IST" duration-ms="620172">
      <class name="test.components.UrlLinkTest">
        <test-method is-config="true" signature="beforeMethod(java.lang.String)[pri:0, instance:test.components.UrlLinkTest@7d9d0818]" started-at="2024-02-16T17:21:20 IST" name="beforeMethod" finished-at="2024-02-16T17:21:25 IST" duration-ms="4844" status="PASS">
          <params>
            <param index="0">
              <value>
                <![CDATA[firefox]]>
              </value>
            </param>
          </params>
          <reporter-output>
          </reporter-output>
        </test-method> <!-- beforeMethod -->
        <test-method signature="brokenUrlValidationTc15()[pri:1, instance:test.components.UrlLinkTest@7d9d0818]" started-at="2024-02-16T17:21:25 IST" name="brokenUrlValidationTc15" finished-at="2024-02-16T17:21:35 IST" duration-ms="9834" status="PASS">
          <reporter-output>
          </reporter-output>
        </test-method> <!-- brokenUrlValidationTc15 -->
        <test-method is-config="true" signature="afterMethod()[pri:0, instance:test.components.UrlLinkTest@7d9d0818]" started-at="2024-02-16T17:21:35 IST" name="afterMethod" finished-at="2024-02-16T17:21:36 IST" duration-ms="1225" status="PASS">
          <reporter-output>
          </reporter-output>
        </test-method> <!-- afterMethod -->
      </class> <!-- test.components.UrlLinkTest -->
      <class name="test.components.LoginTest">
        <test-method is-config="true" signature="beforeMethod(java.lang.String)[pri:0, instance:test.components.LoginTest@231f98ef]" started-at="2024-02-16T17:17:46 IST" name="beforeMethod" finished-at="2024-02-16T17:17:51 IST" duration-ms="4901" status="PASS">
          <params>
            <param index="0">
              <value>
                <![CDATA[firefox]]>
              </value>
            </param>
          </params>
          <reporter-output>
          </reporter-output>
        </test-method> <!-- beforeMethod -->
        <test-method signature="signinTc01()[pri:1, instance:test.components.LoginTest@231f98ef]" started-at="2024-02-16T17:17:51 IST" name="signinTc01" finished-at="2024-02-16T17:18:04 IST" duration-ms="13273" status="PASS">
          <reporter-output>
          </reporter-output>
        </test-method> <!-- signinTc01 -->
        <test-method is-config="true" signature="afterMethod()[pri:0, instance:test.components.LoginTest@231f98ef]" started-at="2024-02-16T17:18:04 IST" name="afterMethod" finished-at="2024-02-16T17:18:06 IST" duration-ms="2162" status="PASS">
          <reporter-output>
          </reporter-output>
        </test-method> <!-- afterMethod -->
        <test-method is-config="true" signature="beforeMethod(java.lang.String)[pri:0, instance:test.components.LoginTest@231f98ef]" started-at="2024-02-16T17:18:06 IST" name="beforeMethod" finished-at="2024-02-16T17:18:13 IST" duration-ms="6875" status="PASS">
          <params>
            <param index="0">
              <value>
                <![CDATA[firefox]]>
              </value>
            </param>
          </params>
          <reporter-output>
          </reporter-output>
        </test-method> <!-- beforeMethod -->
        <test-method signature="signinTc02()[pri:2, instance:test.components.LoginTest@231f98ef]" started-at="2024-02-16T17:18:13 IST" name="signinTc02" finished-at="2024-02-16T17:18:29 IST" duration-ms="15818" status="PASS">
          <reporter-output>
          </reporter-output>
        </test-method> <!-- signinTc02 -->
        <test-method is-config="true" signature="afterMethod()[pri:0, instance:test.components.LoginTest@231f98ef]" started-at="2024-02-16T17:18:29 IST" name="afterMethod" finished-at="2024-02-16T17:18:31 IST" duration-ms="2089" status="PASS">
          <reporter-output>
          </reporter-output>
        </test-method> <!-- afterMethod -->
        <test-method is-config="true" signature="beforeMethod(java.lang.String)[pri:0, instance:test.components.LoginTest@231f98ef]" started-at="2024-02-16T17:18:31 IST" name="beforeMethod" finished-at="2024-02-16T17:18:36 IST" duration-ms="4913" status="PASS">
          <params>
            <param index="0">
              <value>
                <![CDATA[firefox]]>
              </value>
            </param>
          </params>
          <reporter-output>
          </reporter-output>
        </test-method> <!-- beforeMethod -->
        <test-method signature="signinTc03()[pri:11, instance:test.components.LoginTest@231f98ef]" started-at="2024-02-16T17:18:36 IST" name="signinTc03" finished-at="2024-02-16T17:18:51 IST" duration-ms="14784" status="PASS">
          <reporter-output>
          </reporter-output>
        </test-method> <!-- signinTc03 -->
        <test-method is-config="true" signature="afterMethod()[pri:0, instance:test.components.LoginTest@231f98ef]" started-at="2024-02-16T17:18:51 IST" name="afterMethod" finished-at="2024-02-16T17:18:53 IST" duration-ms="2088" status="PASS">
          <reporter-output>
          </reporter-output>
        </test-method> <!-- afterMethod -->
        <test-method is-config="true" signature="beforeMethod(java.lang.String)[pri:0, instance:test.components.LoginTest@231f98ef]" started-at="2024-02-16T17:18:53 IST" name="beforeMethod" finished-at="2024-02-16T17:18:58 IST" duration-ms="4983" status="PASS">
          <params>
            <param index="0">
              <value>
                <![CDATA[firefox]]>
              </value>
            </param>
          </params>
          <reporter-output>
          </reporter-output>
        </test-method> <!-- beforeMethod -->
        <test-method signature="signinTc04()[pri:12, instance:test.components.LoginTest@231f98ef]" started-at="2024-02-16T17:18:58 IST" name="signinTc04" finished-at="2024-02-16T17:19:09 IST" duration-ms="10893" status="PASS">
          <reporter-output>
          </reporter-output>
        </test-method> <!-- signinTc04 -->
        <test-method is-config="true" signature="afterMethod()[pri:0, instance:test.components.LoginTest@231f98ef]" started-at="2024-02-16T17:19:09 IST" name="afterMethod" finished-at="2024-02-16T17:19:11 IST" duration-ms="2212" status="PASS">
          <reporter-output>
          </reporter-output>
        </test-method> <!-- afterMethod -->
      </class> <!-- test.components.LoginTest -->
      <class name="test.components.CheckOutTest">
        <test-method is-config="true" signature="beforeMethod(java.lang.String)[pri:0, instance:test.components.CheckOutTest@31ea9581]" started-at="2024-02-16T17:16:35 IST" name="beforeMethod" finished-at="2024-02-16T17:16:40 IST" duration-ms="5217" status="PASS">
          <params>
            <param index="0">
              <value>
                <![CDATA[firefox]]>
              </value>
            </param>
          </params>
          <reporter-output>
          </reporter-output>
        </test-method> <!-- beforeMethod -->
        <test-method signature="paymentTc12()[pri:1, instance:test.components.CheckOutTest@31ea9581]" started-at="2024-02-16T17:16:40 IST" name="paymentTc12" finished-at="2024-02-16T17:17:44 IST" duration-ms="63989" status="PASS">
          <reporter-output>
          </reporter-output>
        </test-method> <!-- paymentTc12 -->
        <test-method is-config="true" signature="afterMethod()[pri:0, instance:test.components.CheckOutTest@31ea9581]" started-at="2024-02-16T17:17:44 IST" name="afterMethod" finished-at="2024-02-16T17:17:46 IST" duration-ms="1970" status="PASS">
          <reporter-output>
          </reporter-output>
        </test-method> <!-- afterMethod -->
      </class> <!-- test.components.CheckOutTest -->
      <class name="test.components.MenuTest">
        <test-method is-config="true" signature="beforeMethod(java.lang.String)[pri:0, instance:test.components.MenuTest@451001e5]" started-at="2024-02-16T17:23:05 IST" name="beforeMethod" finished-at="2024-02-16T17:23:10 IST" duration-ms="4849" status="PASS">
          <params>
            <param index="0">
              <value>
                <![CDATA[firefox]]>
              </value>
            </param>
          </params>
          <reporter-output>
          </reporter-output>
        </test-method> <!-- beforeMethod -->
        <test-method signature="menuValidationTc14()[pri:1, instance:test.components.MenuTest@451001e5]" started-at="2024-02-16T17:23:10 IST" name="menuValidationTc14" finished-at="2024-02-16T17:24:18 IST" duration-ms="68220" status="PASS">
          <reporter-output>
          </reporter-output>
        </test-method> <!-- menuValidationTc14 -->
        <test-method is-config="true" signature="afterMethod()[pri:0, instance:test.components.MenuTest@451001e5]" started-at="2024-02-16T17:24:18 IST" name="afterMethod" finished-at="2024-02-16T17:24:20 IST" duration-ms="1993" status="PASS">
          <reporter-output>
          </reporter-output>
        </test-method> <!-- afterMethod -->
      </class> <!-- test.components.MenuTest -->
      <class name="test.components.ShopByBrandTest">
        <test-method is-config="true" signature="beforeMethod(java.lang.String)[pri:0, instance:test.components.ShopByBrandTest@221a3fa4]" started-at="2024-02-16T17:21:36 IST" name="beforeMethod" finished-at="2024-02-16T17:21:41 IST" duration-ms="5027" status="PASS">
          <params>
            <param index="0">
              <value>
                <![CDATA[firefox]]>
              </value>
            </param>
          </params>
          <reporter-output>
          </reporter-output>
        </test-method> <!-- beforeMethod -->
        <test-method signature="brandCartTc11()[pri:1, instance:test.components.ShopByBrandTest@221a3fa4]" started-at="2024-02-16T17:21:41 IST" name="brandCartTc11" finished-at="2024-02-16T17:22:14 IST" duration-ms="33078" status="PASS">
          <reporter-output>
          </reporter-output>
        </test-method> <!-- brandCartTc11 -->
        <test-method is-config="true" signature="afterMethod()[pri:0, instance:test.components.ShopByBrandTest@221a3fa4]" started-at="2024-02-16T17:22:14 IST" name="afterMethod" finished-at="2024-02-16T17:22:17 IST" duration-ms="2558" status="PASS">
          <reporter-output>
          </reporter-output>
        </test-method> <!-- afterMethod -->
        <test-method is-config="true" signature="beforeMethod(java.lang.String)[pri:0, instance:test.components.ShopByBrandTest@221a3fa4]" started-at="2024-02-16T17:22:17 IST" name="beforeMethod" finished-at="2024-02-16T17:22:22 IST" duration-ms="4927" status="PASS">
          <params>
            <param index="0">
              <value>
                <![CDATA[firefox]]>
              </value>
            </param>
          </params>
          <reporter-output>
          </reporter-output>
        </test-method> <!-- beforeMethod -->
        <test-method signature="brandCartTc10()[pri:2, instance:test.components.ShopByBrandTest@221a3fa4]" started-at="2024-02-16T17:22:22 IST" name="brandCartTc10" finished-at="2024-02-16T17:23:03 IST" duration-ms="40900" status="PASS">
          <reporter-output>
          </reporter-output>
        </test-method> <!-- brandCartTc10 -->
        <test-method is-config="true" signature="afterMethod()[pri:0, instance:test.components.ShopByBrandTest@221a3fa4]" started-at="2024-02-16T17:23:03 IST" name="afterMethod" finished-at="2024-02-16T17:23:05 IST" duration-ms="2835" status="PASS">
          <reporter-output>
          </reporter-output>
        </test-method> <!-- afterMethod -->
      </class> <!-- test.components.ShopByBrandTest -->
      <class name="test.components.ShopByDeaprtmentTest">
        <test-method is-config="true" signature="beforeMethod(java.lang.String)[pri:0, instance:test.components.ShopByDeaprtmentTest@183ec003]" started-at="2024-02-16T17:19:48 IST" name="beforeMethod" finished-at="2024-02-16T17:19:53 IST" duration-ms="5111" status="PASS">
          <params>
            <param index="0">
              <value>
                <![CDATA[firefox]]>
              </value>
            </param>
          </params>
          <reporter-output>
          </reporter-output>
        </test-method> <!-- beforeMethod -->
        <test-method signature="departCartTc08()[pri:1, instance:test.components.ShopByDeaprtmentTest@183ec003]" started-at="2024-02-16T17:19:53 IST" name="departCartTc08" finished-at="2024-02-16T17:20:22 IST" duration-ms="29023" status="PASS">
          <reporter-output>
          </reporter-output>
        </test-method> <!-- departCartTc08 -->
        <test-method is-config="true" signature="afterMethod()[pri:0, instance:test.components.ShopByDeaprtmentTest@183ec003]" started-at="2024-02-16T17:20:22 IST" name="afterMethod" finished-at="2024-02-16T17:20:24 IST" duration-ms="2159" status="PASS">
          <reporter-output>
          </reporter-output>
        </test-method> <!-- afterMethod -->
        <test-method is-config="true" signature="beforeMethod(java.lang.String)[pri:0, instance:test.components.ShopByDeaprtmentTest@183ec003]" started-at="2024-02-16T17:20:24 IST" name="beforeMethod" finished-at="2024-02-16T17:20:29 IST" duration-ms="4734" status="PASS">
          <params>
            <param index="0">
              <value>
                <![CDATA[firefox]]>
              </value>
            </param>
          </params>
          <reporter-output>
          </reporter-output>
        </test-method> <!-- beforeMethod -->
        <test-method signature="departCartTc09()[pri:2, instance:test.components.ShopByDeaprtmentTest@183ec003]" started-at="2024-02-16T17:20:29 IST" name="departCartTc09" finished-at="2024-02-16T17:21:18 IST" duration-ms="49012" status="FAIL">
          <exception class="org.openqa.selenium.TimeoutException">
            <message>
              <![CDATA[Expected condition failed: waiting for element to be clickable: Proxy element for: DefaultElementLocator 'By.xpath: //button[@data-sku-id='6261814']' (tried for 40 second(s) with 500 milliseconds interval)]]>
            </message>
            <full-stacktrace>
              <![CDATA[org.openqa.selenium.TimeoutException: Expected condition failed: waiting for element to be clickable: Proxy element for: DefaultElementLocator 'By.xpath: //button[@data-sku-id='6261814']' (tried for 40 second(s) with 500 milliseconds interval)
at org.openqa.selenium.support.ui.WebDriverWait.timeoutException(WebDriverWait.java:84)
at org.openqa.selenium.support.ui.FluentWait.until(FluentWait.java:230)
at utility.WebUtilis.waitClickable(WebUtilis.java:114)
at page.components.ShopByDepartmentCart.departmentCart2(ShopByDepartmentCart.java:91)
at test.components.ShopByDeaprtmentTest.departCartTc09(ShopByDeaprtmentTest.java:34)
at java.base/jdk.internal.reflect.NativeMethodAccessorImpl.invoke0(Native Method)
at java.base/jdk.internal.reflect.NativeMethodAccessorImpl.invoke(NativeMethodAccessorImpl.java:62)
at java.base/jdk.internal.reflect.DelegatingMethodAccessorImpl.invoke(DelegatingMethodAccessorImpl.java:43)
at java.base/java.lang.reflect.Method.invoke(Method.java:566)
at org.testng.internal.invokers.MethodInvocationHelper.invokeMethod(MethodInvocationHelper.java:139)
at org.testng.internal.invokers.TestInvoker.invokeMethod(TestInvoker.java:677)
at org.testng.internal.invokers.TestInvoker.invokeTestMethod(TestInvoker.java:221)
at org.testng.internal.invokers.MethodRunner.runInSequence(MethodRunner.java:50)
at org.testng.internal.invokers.TestInvoker$MethodInvocationAgent.invoke(TestInvoker.java:969)
at org.testng.internal.invokers.TestInvoker.invokeTestMethods(TestInvoker.java:194)
at org.testng.internal.invokers.TestMethodWorker.invokeTestMethods(TestMethodWorker.java:148)
at org.testng.internal.invokers.TestMethodWorker.run(TestMethodWorker.java:128)
at java.base/java.util.ArrayList.forEach(ArrayList.java:1541)
at org.testng.TestRunner.privateRun(TestRunner.java:829)
at org.testng.TestRunner.run(TestRunner.java:602)
at org.testng.SuiteRunner.runTest(SuiteRunner.java:437)
at org.testng.SuiteRunner.runSequentially(SuiteRunner.java:431)
at org.testng.SuiteRunner.privateRun(SuiteRunner.java:391)
at org.testng.SuiteRunner.run(SuiteRunner.java:330)
at org.testng.SuiteRunnerWorker.runSuite(SuiteRunnerWorker.java:52)
at org.testng.SuiteRunnerWorker.run(SuiteRunnerWorker.java:95)
at org.testng.TestNG.runSuitesSequentially(TestNG.java:1256)
at org.testng.TestNG.runSuitesLocally(TestNG.java:1176)
at org.testng.TestNG.runSuites(TestNG.java:1099)
at org.testng.TestNG.run(TestNG.java:1067)
at org.apache.maven.surefire.testng.TestNGExecutor.run(TestNGExecutor.java:308)
at org.apache.maven.surefire.testng.TestNGXmlTestSuite.execute(TestNGXmlTestSuite.java:71)
at org.apache.maven.surefire.testng.TestNGProvider.invoke(TestNGProvider.java:113)
at org.apache.maven.surefire.booter.ForkedBooter.runSuitesInProcess(ForkedBooter.java:385)
at org.apache.maven.surefire.booter.ForkedBooter.execute(ForkedBooter.java:162)
at org.apache.maven.surefire.booter.ForkedBooter.run(ForkedBooter.java:507)
at org.apache.maven.surefire.booter.ForkedBooter.main(ForkedBooter.java:495)
Caused by: org.openqa.selenium.NoSuchElementException: Unable to locate element: //button[@data-sku-id='6261814']
For documentation on this error, please visit: https://www.selenium.dev/documentation/webdriver/troubleshooting/errors#no-such-element-exception
Build info: version: '4.13.0', revision: 'ba948ece5b*'
System info: os.name: 'Windows 11', os.arch: 'amd64', os.version: '10.0', java.version: '11.0.18'
Driver info: org.openqa.selenium.firefox.FirefoxDriver
Command: [9abb0adc-9d58-48f8-bf57-13723f6c2425, findElement {using=xpath, value=//button[@data-sku-id='6261814']}]
Capabilities {acceptInsecureCerts: true, browserName: firefox, browserVersion: 122.0.1, moz:accessibilityChecks: false, moz:buildID: 20240205133611, moz:debuggerAddress: 127.0.0.1:16569, moz:geckodriverVersion: 0.34.0, moz:headless: false, moz:platformVersion: 10.0, moz:processID: 20912, moz:profile: C:\Users\santh\AppData\Loca..., moz:shutdownTimeout: 60000, moz:webdriverClick: true, moz:windowless: false, pageLoadStrategy: normal, platformName: windows, proxy: Proxy(), se:cdp: ws://127.0.0.1:16569/devtoo..., se:cdpVersion: 85.0, setWindowRect: true, strictFileInteractability: false, timeouts: {implicit: 0, pageLoad: 300000, script: 30000}, unhandledPromptBehavior: dismiss and notify}
Session ID: 9abb0adc-9d58-48f8-bf57-13723f6c2425
at jdk.internal.reflect.GeneratedConstructorAccessor44.newInstance(Unknown Source)
at java.base/jdk.internal.reflect.DelegatingConstructorAccessorImpl.newInstance(DelegatingConstructorAccessorImpl.java:45)
at java.base/java.lang.reflect.Constructor.newInstance(Constructor.java:490)
at org.openqa.selenium.remote.codec.w3c.W3CHttpResponseCodec.createException(W3CHttpResponseCodec.java:200)
at org.openqa.selenium.remote.codec.w3c.W3CHttpResponseCodec.decode(W3CHttpResponseCodec.java:133)
at org.openqa.selenium.remote.codec.w3c.W3CHttpResponseCodec.decode(W3CHttpResponseCodec.java:52)
at org.openqa.selenium.remote.HttpCommandExecutor.execute(HttpCommandExecutor.java:191)
at org.openqa.selenium.remote.service.DriverCommandExecutor.invokeExecute(DriverCommandExecutor.java:196)
at org.openqa.selenium.remote.service.DriverCommandExecutor.execute(DriverCommandExecutor.java:171)
at org.openqa.selenium.remote.RemoteWebDriver.execute(RemoteWebDriver.java:602)
at org.openqa.selenium.remote.ElementLocation$ElementFinder$2.findElement(ElementLocation.java:165)
at org.openqa.selenium.remote.ElementLocation.findElement(ElementLocation.java:59)
at org.openqa.selenium.remote.RemoteWebDriver.findElement(RemoteWebDriver.java:359)
at org.openqa.selenium.remote.RemoteWebDriver.findElement(RemoteWebDriver.java:353)
at org.openqa.selenium.support.pagefactory.DefaultElementLocator.findElement(DefaultElementLocator.java:68)
at org.openqa.selenium.support.pagefactory.internal.LocatingElementHandler.invoke(LocatingElementHandler.java:38)
at com.sun.proxy.$Proxy15.isDisplayed(Unknown Source)
at org.openqa.selenium.support.ui.ExpectedConditions.elementIfVisible(ExpectedConditions.java:304)
at org.openqa.selenium.support.ui.ExpectedConditions.access$000(ExpectedConditions.java:37)
at org.openqa.selenium.support.ui.ExpectedConditions$10.apply(ExpectedConditions.java:290)
at org.openqa.selenium.support.ui.ExpectedConditions$10.apply(ExpectedConditions.java:287)
at org.openqa.selenium.support.ui.ExpectedConditions$23.apply(ExpectedConditions.java:656)
at org.openqa.selenium.support.ui.ExpectedConditions$23.apply(ExpectedConditions.java:652)
at org.openqa.selenium.support.ui.FluentWait.until(FluentWait.java:205)
... 35 more
]]>
            </full-stacktrace>
          </exception> <!-- org.openqa.selenium.TimeoutException -->
          <reporter-output>
          </reporter-output>
        </test-method> <!-- departCartTc09 -->
        <test-method is-config="true" signature="afterMethod()[pri:0, instance:test.components.ShopByDeaprtmentTest@183ec003]" started-at="2024-02-16T17:21:18 IST" name="afterMethod" finished-at="2024-02-16T17:21:20 IST" duration-ms="2161" status="PASS">
          <reporter-output>
          </reporter-output>
        </test-method> <!-- afterMethod -->
      </class> <!-- test.components.ShopByDeaprtmentTest -->
      <class name="test.components.BottomLinksTest">
        <test-method is-config="true" signature="beforeMethod(java.lang.String)[pri:0, instance:test.components.BottomLinksTest@7ce69770]" started-at="2024-02-16T17:14:58 IST" name="beforeMethod" finished-at="2024-02-16T17:15:04 IST" duration-ms="6663" status="PASS">
          <params>
            <param index="0">
              <value>
                <![CDATA[firefox]]>
              </value>
            </param>
          </params>
          <reporter-output>
          </reporter-output>
        </test-method> <!-- beforeMethod -->
        <test-method signature="bottomLinksTc13()[pri:1, instance:test.components.BottomLinksTest@7ce69770]" started-at="2024-02-16T17:15:04 IST" name="bottomLinksTc13" finished-at="2024-02-16T17:16:30 IST" duration-ms="86194" status="PASS">
          <reporter-output>
          </reporter-output>
        </test-method> <!-- bottomLinksTc13 -->
        <test-method is-config="true" signature="afterMethod()[pri:0, instance:test.components.BottomLinksTest@7ce69770]" started-at="2024-02-16T17:16:30 IST" name="afterMethod" finished-at="2024-02-16T17:16:35 IST" duration-ms="4223" status="PASS">
          <reporter-output>
          </reporter-output>
        </test-method> <!-- afterMethod -->
      </class> <!-- test.components.BottomLinksTest -->
      <class name="test.components.AccountCreationTest">
        <test-method is-config="true" signature="beforeMethod(java.lang.String)[pri:0, instance:test.components.AccountCreationTest@2b40ff9c]" started-at="2024-02-16T17:24:20 IST" name="beforeMethod" finished-at="2024-02-16T17:24:26 IST" duration-ms="5070" status="PASS">
          <params>
            <param index="0">
              <value>
                <![CDATA[firefox]]>
              </value>
            </param>
          </params>
          <reporter-output>
          </reporter-output>
        </test-method> <!-- beforeMethod -->
        <test-method signature="creationTc05()[pri:1, instance:test.components.AccountCreationTest@2b40ff9c]" started-at="2024-02-16T17:24:26 IST" name="creationTc05" finished-at="2024-02-16T17:24:41 IST" duration-ms="15274" status="PASS">
          <reporter-output>
          </reporter-output>
        </test-method> <!-- creationTc05 -->
        <test-method is-config="true" signature="afterMethod()[pri:0, instance:test.components.AccountCreationTest@2b40ff9c]" started-at="2024-02-16T17:24:41 IST" name="afterMethod" finished-at="2024-02-16T17:24:43 IST" duration-ms="1746" status="PASS">
          <reporter-output>
          </reporter-output>
        </test-method> <!-- afterMethod -->
        <test-method is-config="true" signature="beforeMethod(java.lang.String)[pri:0, instance:test.components.AccountCreationTest@2b40ff9c]" started-at="2024-02-16T17:24:43 IST" name="beforeMethod" finished-at="2024-02-16T17:24:48 IST" duration-ms="5077" status="PASS">
          <params>
            <param index="0">
              <value>
                <![CDATA[firefox]]>
              </value>
            </param>
          </params>
          <reporter-output>
          </reporter-output>
        </test-method> <!-- beforeMethod -->
        <test-method signature="creationTc06()[pri:2, instance:test.components.AccountCreationTest@2b40ff9c]" started-at="2024-02-16T17:24:48 IST" name="creationTc06" finished-at="2024-02-16T17:25:16 IST" duration-ms="28274" status="PASS">
          <reporter-output>
          </reporter-output>
        </test-method> <!-- creationTc06 -->
        <test-method is-config="true" signature="afterMethod()[pri:0, instance:test.components.AccountCreationTest@2b40ff9c]" started-at="2024-02-16T17:25:16 IST" name="afterMethod" finished-at="2024-02-16T17:25:18 IST" duration-ms="1760" status="PASS">
          <reporter-output>
          </reporter-output>
        </test-method> <!-- afterMethod -->
      </class> <!-- test.components.AccountCreationTest -->
      <class name="test.components.SearchAddItemTest">
        <test-method is-config="true" signature="beforeMethod(java.lang.String)[pri:0, instance:test.components.SearchAddItemTest@7c137fd5]" started-at="2024-02-16T17:19:11 IST" name="beforeMethod" finished-at="2024-02-16T17:19:16 IST" duration-ms="5477" status="PASS">
          <params>
            <param index="0">
              <value>
                <![CDATA[firefox]]>
              </value>
            </param>
          </params>
          <reporter-output>
          </reporter-output>
        </test-method> <!-- beforeMethod -->
        <test-method signature="searchItemTc07()[pri:1, instance:test.components.SearchAddItemTest@7c137fd5]" started-at="2024-02-16T17:19:16 IST" name="searchItemTc07" finished-at="2024-02-16T17:19:46 IST" duration-ms="29457" status="PASS">
          <reporter-output>
          </reporter-output>
        </test-method> <!-- searchItemTc07 -->
        <test-method is-config="true" signature="afterMethod()[pri:0, instance:test.components.SearchAddItemTest@7c137fd5]" started-at="2024-02-16T17:19:46 IST" name="afterMethod" finished-at="2024-02-16T17:19:48 IST" duration-ms="2137" status="PASS">
          <reporter-output>
          </reporter-output>
        </test-method> <!-- afterMethod -->
      </class> <!-- test.components.SearchAddItemTest -->
    </test> <!-- Test -->
    <test started-at="2024-02-16T17:25:18 IST" name="Test1" finished-at="2024-02-16T17:35:15 IST" duration-ms="597137">
      <class name="test.components.UrlLinkTest">
        <test-method is-config="true" signature="beforeMethod(java.lang.String)[pri:0, instance:test.components.UrlLinkTest@14fc5f04]" started-at="2024-02-16T17:31:18 IST" name="beforeMethod" finished-at="2024-02-16T17:31:21 IST" duration-ms="2602" status="PASS">
          <params>
            <param index="0">
              <value>
                <![CDATA[chrome]]>
              </value>
            </param>
          </params>
          <reporter-output>
          </reporter-output>
        </test-method> <!-- beforeMethod -->
        <test-method signature="brokenUrlValidationTc15()[pri:1, instance:test.components.UrlLinkTest@14fc5f04]" started-at="2024-02-16T17:31:21 IST" name="brokenUrlValidationTc15" finished-at="2024-02-16T17:31:29 IST" duration-ms="8423" status="PASS">
          <reporter-output>
          </reporter-output>
        </test-method> <!-- brokenUrlValidationTc15 -->
        <test-method is-config="true" signature="afterMethod()[pri:0, instance:test.components.UrlLinkTest@14fc5f04]" started-at="2024-02-16T17:31:29 IST" name="afterMethod" finished-at="2024-02-16T17:31:30 IST" duration-ms="457" status="PASS">
          <reporter-output>
          </reporter-output>
        </test-method> <!-- afterMethod -->
      </class> <!-- test.components.UrlLinkTest -->
      <class name="test.components.LoginTest">
        <test-method is-config="true" signature="beforeMethod(java.lang.String)[pri:0, instance:test.components.LoginTest@2dfaea86]" started-at="2024-02-16T17:28:06 IST" name="beforeMethod" finished-at="2024-02-16T17:28:09 IST" duration-ms="2936" status="PASS">
          <params>
            <param index="0">
              <value>
                <![CDATA[chrome]]>
              </value>
            </param>
          </params>
          <reporter-output>
          </reporter-output>
        </test-method> <!-- beforeMethod -->
        <test-method signature="signinTc01()[pri:1, instance:test.components.LoginTest@2dfaea86]" started-at="2024-02-16T17:28:09 IST" name="signinTc01" finished-at="2024-02-16T17:28:23 IST" duration-ms="14140" status="PASS">
          <reporter-output>
          </reporter-output>
        </test-method> <!-- signinTc01 -->
        <test-method is-config="true" signature="afterMethod()[pri:0, instance:test.components.LoginTest@2dfaea86]" started-at="2024-02-16T17:28:23 IST" name="afterMethod" finished-at="2024-02-16T17:28:24 IST" duration-ms="589" status="PASS">
          <reporter-output>
          </reporter-output>
        </test-method> <!-- afterMethod -->
        <test-method is-config="true" signature="beforeMethod(java.lang.String)[pri:0, instance:test.components.LoginTest@2dfaea86]" started-at="2024-02-16T17:28:24 IST" name="beforeMethod" finished-at="2024-02-16T17:28:27 IST" duration-ms="2649" status="PASS">
          <params>
            <param index="0">
              <value>
                <![CDATA[chrome]]>
              </value>
            </param>
          </params>
          <reporter-output>
          </reporter-output>
        </test-method> <!-- beforeMethod -->
        <test-method signature="signinTc02()[pri:2, instance:test.components.LoginTest@2dfaea86]" started-at="2024-02-16T17:28:27 IST" name="signinTc02" finished-at="2024-02-16T17:28:41 IST" duration-ms="14557" status="PASS">
          <reporter-output>
          </reporter-output>
        </test-method> <!-- signinTc02 -->
        <test-method is-config="true" signature="afterMethod()[pri:0, instance:test.components.LoginTest@2dfaea86]" started-at="2024-02-16T17:28:41 IST" name="afterMethod" finished-at="2024-02-16T17:28:42 IST" duration-ms="450" status="PASS">
          <reporter-output>
          </reporter-output>
        </test-method> <!-- afterMethod -->
        <test-method is-config="true" signature="beforeMethod(java.lang.String)[pri:0, instance:test.components.LoginTest@2dfaea86]" started-at="2024-02-16T17:28:42 IST" name="beforeMethod" finished-at="2024-02-16T17:28:43 IST" duration-ms="1901" status="PASS">
          <params>
            <param index="0">
              <value>
                <![CDATA[chrome]]>
              </value>
            </param>
          </params>
          <reporter-output>
          </reporter-output>
        </test-method> <!-- beforeMethod -->
        <test-method signature="signinTc03()[pri:11, instance:test.components.LoginTest@2dfaea86]" started-at="2024-02-16T17:28:43 IST" name="signinTc03" finished-at="2024-02-16T17:28:59 IST" duration-ms="15231" status="PASS">
          <reporter-output>
          </reporter-output>
        </test-method> <!-- signinTc03 -->
        <test-method is-config="true" signature="afterMethod()[pri:0, instance:test.components.LoginTest@2dfaea86]" started-at="2024-02-16T17:28:59 IST" name="afterMethod" finished-at="2024-02-16T17:29:00 IST" duration-ms="858" status="PASS">
          <reporter-output>
          </reporter-output>
        </test-method> <!-- afterMethod -->
        <test-method is-config="true" signature="beforeMethod(java.lang.String)[pri:0, instance:test.components.LoginTest@2dfaea86]" started-at="2024-02-16T17:29:00 IST" name="beforeMethod" finished-at="2024-02-16T17:29:02 IST" duration-ms="2830" status="PASS">
          <params>
            <param index="0">
              <value>
                <![CDATA[chrome]]>
              </value>
            </param>
          </params>
          <reporter-output>
          </reporter-output>
        </test-method> <!-- beforeMethod -->
        <test-method signature="signinTc04()[pri:12, instance:test.components.LoginTest@2dfaea86]" started-at="2024-02-16T17:29:02 IST" name="signinTc04" finished-at="2024-02-16T17:29:18 IST" duration-ms="15860" status="PASS">
          <reporter-output>
          </reporter-output>
        </test-method> <!-- signinTc04 -->
        <test-method is-config="true" signature="afterMethod()[pri:0, instance:test.components.LoginTest@2dfaea86]" started-at="2024-02-16T17:29:18 IST" name="afterMethod" finished-at="2024-02-16T17:29:19 IST" duration-ms="510" status="PASS">
          <reporter-output>
          </reporter-output>
        </test-method> <!-- afterMethod -->
      </class> <!-- test.components.LoginTest -->
      <class name="test.components.CheckOutTest">
        <test-method is-config="true" signature="beforeMethod(java.lang.String)[pri:0, instance:test.components.CheckOutTest@d554c5f]" started-at="2024-02-16T17:27:01 IST" name="beforeMethod" finished-at="2024-02-16T17:27:04 IST" duration-ms="3038" status="PASS">
          <params>
            <param index="0">
              <value>
                <![CDATA[chrome]]>
              </value>
            </param>
          </params>
          <reporter-output>
          </reporter-output>
        </test-method> <!-- beforeMethod -->
        <test-method signature="paymentTc12()[pri:1, instance:test.components.CheckOutTest@d554c5f]" started-at="2024-02-16T17:27:04 IST" name="paymentTc12" finished-at="2024-02-16T17:28:05 IST" duration-ms="61505" status="PASS">
          <reporter-output>
          </reporter-output>
        </test-method> <!-- paymentTc12 -->
        <test-method is-config="true" signature="afterMethod()[pri:0, instance:test.components.CheckOutTest@d554c5f]" started-at="2024-02-16T17:28:05 IST" name="afterMethod" finished-at="2024-02-16T17:28:06 IST" duration-ms="701" status="PASS">
          <reporter-output>
          </reporter-output>
        </test-method> <!-- afterMethod -->
      </class> <!-- test.components.CheckOutTest -->
      <class name="test.components.MenuTest">
        <test-method is-config="true" signature="beforeMethod(java.lang.String)[pri:0, instance:test.components.MenuTest@3feb2dda]" started-at="2024-02-16T17:32:52 IST" name="beforeMethod" finished-at="2024-02-16T17:32:55 IST" duration-ms="2967" status="PASS">
          <params>
            <param index="0">
              <value>
                <![CDATA[chrome]]>
              </value>
            </param>
          </params>
          <reporter-output>
          </reporter-output>
        </test-method> <!-- beforeMethod -->
        <test-method signature="menuValidationTc14()[pri:1, instance:test.components.MenuTest@3feb2dda]" started-at="2024-02-16T17:32:55 IST" name="menuValidationTc14" finished-at="2024-02-16T17:34:24 IST" duration-ms="88322" status="PASS">
          <reporter-output>
          </reporter-output>
        </test-method> <!-- menuValidationTc14 -->
        <test-method is-config="true" signature="afterMethod()[pri:0, instance:test.components.MenuTest@3feb2dda]" started-at="2024-02-16T17:34:24 IST" name="afterMethod" finished-at="2024-02-16T17:34:24 IST" duration-ms="753" status="PASS">
          <reporter-output>
          </reporter-output>
        </test-method> <!-- afterMethod -->
      </class> <!-- test.components.MenuTest -->
      <class name="test.components.ShopByBrandTest">
        <test-method is-config="true" signature="beforeMethod(java.lang.String)[pri:0, instance:test.components.ShopByBrandTest@6e2829c7]" started-at="2024-02-16T17:31:30 IST" name="beforeMethod" finished-at="2024-02-16T17:31:31 IST" duration-ms="1881" status="PASS">
          <params>
            <param index="0">
              <value>
                <![CDATA[chrome]]>
              </value>
            </param>
          </params>
          <reporter-output>
          </reporter-output>
        </test-method> <!-- beforeMethod -->
        <test-method signature="brandCartTc11()[pri:1, instance:test.components.ShopByBrandTest@6e2829c7]" started-at="2024-02-16T17:31:31 IST" name="brandCartTc11" finished-at="2024-02-16T17:32:08 IST" duration-ms="36953" status="PASS">
          <reporter-output>
          </reporter-output>
        </test-method> <!-- brandCartTc11 -->
        <test-method is-config="true" signature="afterMethod()[pri:0, instance:test.components.ShopByBrandTest@6e2829c7]" started-at="2024-02-16T17:32:08 IST" name="afterMethod" finished-at="2024-02-16T17:32:09 IST" duration-ms="762" status="PASS">
          <reporter-output>
          </reporter-output>
        </test-method> <!-- afterMethod -->
        <test-method is-config="true" signature="beforeMethod(java.lang.String)[pri:0, instance:test.components.ShopByBrandTest@6e2829c7]" started-at="2024-02-16T17:32:09 IST" name="beforeMethod" finished-at="2024-02-16T17:32:12 IST" duration-ms="2603" status="PASS">
          <params>
            <param index="0">
              <value>
                <![CDATA[chrome]]>
              </value>
            </param>
          </params>
          <reporter-output>
          </reporter-output>
        </test-method> <!-- beforeMethod -->
        <test-method signature="brandCartTc10()[pri:2, instance:test.components.ShopByBrandTest@6e2829c7]" started-at="2024-02-16T17:32:12 IST" name="brandCartTc10" finished-at="2024-02-16T17:32:52 IST" duration-ms="39996" status="PASS">
          <reporter-output>
          </reporter-output>
        </test-method> <!-- brandCartTc10 -->
        <test-method is-config="true" signature="afterMethod()[pri:0, instance:test.components.ShopByBrandTest@6e2829c7]" started-at="2024-02-16T17:32:52 IST" name="afterMethod" finished-at="2024-02-16T17:32:52 IST" duration-ms="627" status="PASS">
          <reporter-output>
          </reporter-output>
        </test-method> <!-- afterMethod -->
      </class> <!-- test.components.ShopByBrandTest -->
      <class name="test.components.ShopByDeaprtmentTest">
        <test-method is-config="true" signature="beforeMethod(java.lang.String)[pri:0, instance:test.components.ShopByDeaprtmentTest@33ecda92]" started-at="2024-02-16T17:29:51 IST" name="beforeMethod" finished-at="2024-02-16T17:29:54 IST" duration-ms="2758" status="PASS">
          <params>
            <param index="0">
              <value>
                <![CDATA[chrome]]>
              </value>
            </param>
          </params>
          <reporter-output>
          </reporter-output>
        </test-method> <!-- beforeMethod -->
        <test-method signature="departCartTc08()[pri:1, instance:test.components.ShopByDeaprtmentTest@33ecda92]" started-at="2024-02-16T17:29:54 IST" name="departCartTc08" finished-at="2024-02-16T17:30:44 IST" duration-ms="49932" status="FAIL">
          <exception class="org.openqa.selenium.TimeoutException">
            <message>
              <![CDATA[Expected condition failed: waiting for element to be clickable: Proxy element for: DefaultElementLocator 'By.xpath: (//button[@data-sku-id='6488940'])[1]' (tried for 40 second(s) with 500 milliseconds interval)]]>
            </message>
            <full-stacktrace>
              <![CDATA[org.openqa.selenium.TimeoutException: Expected condition failed: waiting for element to be clickable: Proxy element for: DefaultElementLocator 'By.xpath: (//button[@data-sku-id='6488940'])[1]' (tried for 40 second(s) with 500 milliseconds interval)
at org.openqa.selenium.support.ui.WebDriverWait.timeoutException(WebDriverWait.java:84)
at org.openqa.selenium.support.ui.FluentWait.until(FluentWait.java:230)
at utility.WebUtilis.waitClickable(WebUtilis.java:114)
at page.components.ShopByDepartmentCart.departmentCart1(ShopByDepartmentCart.java:67)
at test.components.ShopByDeaprtmentTest.departCartTc08(ShopByDeaprtmentTest.java:20)
at java.base/jdk.internal.reflect.NativeMethodAccessorImpl.invoke0(Native Method)
at java.base/jdk.internal.reflect.NativeMethodAccessorImpl.invoke(NativeMethodAccessorImpl.java:62)
at java.base/jdk.internal.reflect.DelegatingMethodAccessorImpl.invoke(DelegatingMethodAccessorImpl.java:43)
at java.base/java.lang.reflect.Method.invoke(Method.java:566)
at org.testng.internal.invokers.MethodInvocationHelper.invokeMethod(MethodInvocationHelper.java:139)
at org.testng.internal.invokers.TestInvoker.invokeMethod(TestInvoker.java:677)
at org.testng.internal.invokers.TestInvoker.invokeTestMethod(TestInvoker.java:221)
at org.testng.internal.invokers.MethodRunner.runInSequence(MethodRunner.java:50)
at org.testng.internal.invokers.TestInvoker$MethodInvocationAgent.invoke(TestInvoker.java:969)
at org.testng.internal.invokers.TestInvoker.invokeTestMethods(TestInvoker.java:194)
at org.testng.internal.invokers.TestMethodWorker.invokeTestMethods(TestMethodWorker.java:148)
at org.testng.internal.invokers.TestMethodWorker.run(TestMethodWorker.java:128)
at java.base/java.util.ArrayList.forEach(ArrayList.java:1541)
at org.testng.TestRunner.privateRun(TestRunner.java:829)
at org.testng.TestRunner.run(TestRunner.java:602)
at org.testng.SuiteRunner.runTest(SuiteRunner.java:437)
at org.testng.SuiteRunner.runSequentially(SuiteRunner.java:431)
at org.testng.SuiteRunner.privateRun(SuiteRunner.java:391)
at org.testng.SuiteRunner.run(SuiteRunner.java:330)
at org.testng.SuiteRunnerWorker.runSuite(SuiteRunnerWorker.java:52)
at org.testng.SuiteRunnerWorker.run(SuiteRunnerWorker.java:95)
at org.testng.TestNG.runSuitesSequentially(TestNG.java:1256)
at org.testng.TestNG.runSuitesLocally(TestNG.java:1176)
at org.testng.TestNG.runSuites(TestNG.java:1099)
at org.testng.TestNG.run(TestNG.java:1067)
at org.apache.maven.surefire.testng.TestNGExecutor.run(TestNGExecutor.java:308)
at org.apache.maven.surefire.testng.TestNGXmlTestSuite.execute(TestNGXmlTestSuite.java:71)
at org.apache.maven.surefire.testng.TestNGProvider.invoke(TestNGProvider.java:113)
at org.apache.maven.surefire.booter.ForkedBooter.runSuitesInProcess(ForkedBooter.java:385)
at org.apache.maven.surefire.booter.ForkedBooter.execute(ForkedBooter.java:162)
at org.apache.maven.surefire.booter.ForkedBooter.run(ForkedBooter.java:507)
at org.apache.maven.surefire.booter.ForkedBooter.main(ForkedBooter.java:495)
Caused by: org.openqa.selenium.NoSuchElementException: no such element: Unable to locate element: {"method":"xpath","selector":"(//button[@data-sku-id='6488940'])[1]"}
  (Session info: chrome=121.0.6167.185)
For documentation on this error, please visit: https://www.selenium.dev/documentation/webdriver/troubleshooting/errors#no-such-element-exception
Build info: version: '4.13.0', revision: 'ba948ece5b*'
System info: os.name: 'Windows 11', os.arch: 'amd64', os.version: '10.0', java.version: '11.0.18'
Driver info: org.openqa.selenium.chrome.ChromeDriver
Command: [41f3245b5a2e0e3b78ad1f7c8688f6f4, findElement {using=xpath, value=(//button[@data-sku-id='6488940'])[1]}]
Capabilities {acceptInsecureCerts: false, browserName: chrome, browserVersion: 121.0.6167.185, chrome: {chromedriverVersion: 121.0.6167.85 (3f98d690ad7e..., userDataDir: C:\Users\santh\AppData\Loca...}, fedcm:accounts: true, goog:chromeOptions: {debuggerAddress: localhost:58933}, networkConnectionEnabled: false, pageLoadStrategy: normal, platformName: windows, proxy: Proxy(), se:cdp: ws://localhost:58933/devtoo..., se:cdpVersion: 121.0.6167.185, setWindowRect: true, strictFileInteractability: false, timeouts: {implicit: 0, pageLoad: 300000, script: 30000}, unhandledPromptBehavior: dismiss and notify, webauthn:extension:credBlob: true, webauthn:extension:largeBlob: true, webauthn:extension:minPinLength: true, webauthn:extension:prf: true, webauthn:virtualAuthenticators: true}
Session ID: 41f3245b5a2e0e3b78ad1f7c8688f6f4
at jdk.internal.reflect.GeneratedConstructorAccessor44.newInstance(Unknown Source)
at java.base/jdk.internal.reflect.DelegatingConstructorAccessorImpl.newInstance(DelegatingConstructorAccessorImpl.java:45)
at java.base/java.lang.reflect.Constructor.newInstance(Constructor.java:490)
at org.openqa.selenium.remote.codec.w3c.W3CHttpResponseCodec.createException(W3CHttpResponseCodec.java:200)
at org.openqa.selenium.remote.codec.w3c.W3CHttpResponseCodec.decode(W3CHttpResponseCodec.java:133)
at org.openqa.selenium.remote.codec.w3c.W3CHttpResponseCodec.decode(W3CHttpResponseCodec.java:52)
at org.openqa.selenium.remote.HttpCommandExecutor.execute(HttpCommandExecutor.java:191)
at org.openqa.selenium.remote.service.DriverCommandExecutor.invokeExecute(DriverCommandExecutor.java:196)
at org.openqa.selenium.remote.service.DriverCommandExecutor.execute(DriverCommandExecutor.java:171)
at org.openqa.selenium.remote.RemoteWebDriver.execute(RemoteWebDriver.java:602)
at org.openqa.selenium.remote.ElementLocation$ElementFinder$2.findElement(ElementLocation.java:165)
at org.openqa.selenium.remote.ElementLocation.findElement(ElementLocation.java:59)
at org.openqa.selenium.remote.RemoteWebDriver.findElement(RemoteWebDriver.java:359)
at org.openqa.selenium.remote.RemoteWebDriver.findElement(RemoteWebDriver.java:353)
at org.openqa.selenium.support.pagefactory.DefaultElementLocator.findElement(DefaultElementLocator.java:68)
at org.openqa.selenium.support.pagefactory.internal.LocatingElementHandler.invoke(LocatingElementHandler.java:38)
at com.sun.proxy.$Proxy15.isDisplayed(Unknown Source)
at org.openqa.selenium.support.ui.ExpectedConditions.elementIfVisible(ExpectedConditions.java:304)
at org.openqa.selenium.support.ui.ExpectedConditions.access$000(ExpectedConditions.java:37)
at org.openqa.selenium.support.ui.ExpectedConditions$10.apply(ExpectedConditions.java:290)
at org.openqa.selenium.support.ui.ExpectedConditions$10.apply(ExpectedConditions.java:287)
at org.openqa.selenium.support.ui.ExpectedConditions$23.apply(ExpectedConditions.java:656)
at org.openqa.selenium.support.ui.ExpectedConditions$23.apply(ExpectedConditions.java:652)
at org.openqa.selenium.support.ui.FluentWait.until(FluentWait.java:205)
... 35 more
]]>
            </full-stacktrace>
          </exception> <!-- org.openqa.selenium.TimeoutException -->
          <reporter-output>
          </reporter-output>
        </test-method> <!-- departCartTc08 -->
        <test-method is-config="true" signature="afterMethod()[pri:0, instance:test.components.ShopByDeaprtmentTest@33ecda92]" started-at="2024-02-16T17:30:44 IST" name="afterMethod" finished-at="2024-02-16T17:30:44 IST" duration-ms="573" status="PASS">
          <reporter-output>
          </reporter-output>
        </test-method> <!-- afterMethod -->
        <test-method is-config="true" signature="beforeMethod(java.lang.String)[pri:0, instance:test.components.ShopByDeaprtmentTest@33ecda92]" started-at="2024-02-16T17:30:44 IST" name="beforeMethod" finished-at="2024-02-16T17:30:48 IST" duration-ms="3586" status="PASS">
          <params>
            <param index="0">
              <value>
                <![CDATA[chrome]]>
              </value>
            </param>
          </params>
          <reporter-output>
          </reporter-output>
        </test-method> <!-- beforeMethod -->
        <test-method signature="departCartTc09()[pri:2, instance:test.components.ShopByDeaprtmentTest@33ecda92]" started-at="2024-02-16T17:30:48 IST" name="departCartTc09" finished-at="2024-02-16T17:31:17 IST" duration-ms="29382" status="PASS">
          <reporter-output>
          </reporter-output>
        </test-method> <!-- departCartTc09 -->
        <test-method is-config="true" signature="afterMethod()[pri:0, instance:test.components.ShopByDeaprtmentTest@33ecda92]" started-at="2024-02-16T17:31:17 IST" name="afterMethod" finished-at="2024-02-16T17:31:18 IST" duration-ms="693" status="PASS">
          <reporter-output>
          </reporter-output>
        </test-method> <!-- afterMethod -->
      </class> <!-- test.components.ShopByDeaprtmentTest -->
      <class name="test.components.BottomLinksTest">
        <test-method is-config="true" signature="beforeSuite()[pri:0, instance:test.components.BottomLinksTest@68c9d179]" started-at="2024-02-16T17:14:57 IST" name="beforeSuite" finished-at="2024-02-16T17:14:57 IST" duration-ms="223" status="PASS">
          <reporter-output>
          </reporter-output>
        </test-method> <!-- beforeSuite -->
        <test-method is-config="true" signature="beforeMethod(java.lang.String)[pri:0, instance:test.components.BottomLinksTest@68c9d179]" started-at="2024-02-16T17:25:18 IST" name="beforeMethod" finished-at="2024-02-16T17:25:20 IST" duration-ms="2372" status="PASS">
          <params>
            <param index="0">
              <value>
                <![CDATA[chrome]]>
              </value>
            </param>
          </params>
          <reporter-output>
          </reporter-output>
        </test-method> <!-- beforeMethod -->
        <test-method signature="bottomLinksTc13()[pri:1, instance:test.components.BottomLinksTest@68c9d179]" started-at="2024-02-16T17:25:20 IST" name="bottomLinksTc13" finished-at="2024-02-16T17:27:00 IST" duration-ms="100077" status="PASS">
          <reporter-output>
          </reporter-output>
        </test-method> <!-- bottomLinksTc13 -->
        <test-method is-config="true" signature="afterMethod()[pri:0, instance:test.components.BottomLinksTest@68c9d179]" started-at="2024-02-16T17:27:00 IST" name="afterMethod" finished-at="2024-02-16T17:27:01 IST" duration-ms="705" status="PASS">
          <reporter-output>
          </reporter-output>
        </test-method> <!-- afterMethod -->
      </class> <!-- test.components.BottomLinksTest -->
      <class name="test.components.AccountCreationTest">
        <test-method is-config="true" signature="beforeMethod(java.lang.String)[pri:0, instance:test.components.AccountCreationTest@6a8658ff]" started-at="2024-02-16T17:34:24 IST" name="beforeMethod" finished-at="2024-02-16T17:34:29 IST" duration-ms="4494" status="PASS">
          <params>
            <param index="0">
              <value>
                <![CDATA[chrome]]>
              </value>
            </param>
          </params>
          <reporter-output>
          </reporter-output>
        </test-method> <!-- beforeMethod -->
        <test-method signature="creationTc05()[pri:1, instance:test.components.AccountCreationTest@6a8658ff]" started-at="2024-02-16T17:34:29 IST" name="creationTc05" finished-at="2024-02-16T17:34:53 IST" duration-ms="23896" status="PASS">
          <reporter-output>
          </reporter-output>
        </test-method> <!-- creationTc05 -->
        <test-method is-config="true" signature="afterMethod()[pri:0, instance:test.components.AccountCreationTest@6a8658ff]" started-at="2024-02-16T17:34:53 IST" name="afterMethod" finished-at="2024-02-16T17:34:53 IST" duration-ms="562" status="PASS">
          <reporter-output>
          </reporter-output>
        </test-method> <!-- afterMethod -->
        <test-method is-config="true" signature="beforeMethod(java.lang.String)[pri:0, instance:test.components.AccountCreationTest@6a8658ff]" started-at="2024-02-16T17:34:53 IST" name="beforeMethod" finished-at="2024-02-16T17:34:56 IST" duration-ms="2734" status="PASS">
          <params>
            <param index="0">
              <value>
                <![CDATA[chrome]]>
              </value>
            </param>
          </params>
          <reporter-output>
          </reporter-output>
        </test-method> <!-- beforeMethod -->
        <test-method signature="creationTc06()[pri:2, instance:test.components.AccountCreationTest@6a8658ff]" started-at="2024-02-16T17:34:56 IST" name="creationTc06" finished-at="2024-02-16T17:35:14 IST" duration-ms="18169" status="PASS">
          <reporter-output>
          </reporter-output>
        </test-method> <!-- creationTc06 -->
        <test-method is-config="true" signature="afterMethod()[pri:0, instance:test.components.AccountCreationTest@6a8658ff]" started-at="2024-02-16T17:35:14 IST" name="afterMethod" finished-at="2024-02-16T17:35:15 IST" duration-ms="568" status="PASS">
          <reporter-output>
          </reporter-output>
        </test-method> <!-- afterMethod -->
      </class> <!-- test.components.AccountCreationTest -->
      <class name="test.components.SearchAddItemTest">
        <test-method is-config="true" signature="beforeMethod(java.lang.String)[pri:0, instance:test.components.SearchAddItemTest@15888343]" started-at="2024-02-16T17:29:19 IST" name="beforeMethod" finished-at="2024-02-16T17:29:21 IST" duration-ms="2668" status="PASS">
          <params>
            <param index="0">
              <value>
                <![CDATA[chrome]]>
              </value>
            </param>
          </params>
          <reporter-output>
          </reporter-output>
        </test-method> <!-- beforeMethod -->
        <test-method signature="searchItemTc07()[pri:1, instance:test.components.SearchAddItemTest@15888343]" started-at="2024-02-16T17:29:21 IST" name="searchItemTc07" finished-at="2024-02-16T17:29:51 IST" duration-ms="29147" status="PASS">
          <reporter-output>
          </reporter-output>
        </test-method> <!-- searchItemTc07 -->
        <test-method is-config="true" signature="afterMethod()[pri:0, instance:test.components.SearchAddItemTest@15888343]" started-at="2024-02-16T17:29:51 IST" name="afterMethod" finished-at="2024-02-16T17:29:51 IST" duration-ms="660" status="PASS">
          <reporter-output>
          </reporter-output>
        </test-method> <!-- afterMethod -->
      </class> <!-- test.components.SearchAddItemTest -->
    </test> <!-- Test1 -->
  </suite> <!-- Suite -->
</testng-results>
