<?xml version="1.0" encoding="UTF-8"?>
<testng-results ignored="16" total="46" passed="29" failed="1" skipped="0">
  <reporter-output>
  </reporter-output>
  <suite started-at="2024-02-16T16:48:12 IST" name="Suite" finished-at="2024-02-16T17:06:34 IST" duration-ms="1101395">
    <groups>
      <group name="Regression">
        <method signature="AccountCreationTest.creationTc05()[pri:1, instance:test.components.AccountCreationTest@7c37508a]" name="creationTc05" class="test.components.AccountCreationTest"/>
        <method signature="BottomLinksTest.bottomLinksTc13()[pri:1, instance:test.components.BottomLinksTest@7c137fd5]" name="bottomLinksTc13" class="test.components.BottomLinksTest"/>
        <method signature="CheckOutTest.paymentTc12()[pri:1, instance:test.components.CheckOutTest@24569dba]" name="paymentTc12" class="test.components.CheckOutTest"/>
        <method signature="LoginTest.signinTc01()[pri:1, instance:test.components.LoginTest@5ddeb7cb]" name="signinTc01" class="test.components.LoginTest"/>
        <method signature="MenuTest.menuValidationTc14()[pri:1, instance:test.components.MenuTest@6be968ce]" name="menuValidationTc14" class="test.components.MenuTest"/>
        <method signature="SearchAddItemTest.searchItemTc07()[pri:1, instance:test.components.SearchAddItemTest@70ed52de]" name="searchItemTc07" class="test.components.SearchAddItemTest"/>
        <method signature="ShopByBrandTest.brandCartTc11()[pri:1, instance:test.components.ShopByBrandTest@7188af83]" name="brandCartTc11" class="test.components.ShopByBrandTest"/>
        <method signature="ShopByDeaprtmentTest.departCartTc08()[pri:1, instance:test.components.ShopByDeaprtmentTest@496bc455]" name="departCartTc08" class="test.components.ShopByDeaprtmentTest"/>
        <method signature="UrlLinkTest.brokenUrlValidationTc15()[pri:1, instance:test.components.UrlLinkTest@59402b8f]" name="brokenUrlValidationTc15" class="test.components.UrlLinkTest"/>
        <method signature="AccountCreationTest.creationTc06()[pri:2, instance:test.components.AccountCreationTest@7c37508a]" name="creationTc06" class="test.components.AccountCreationTest"/>
        <method signature="LoginTest.signinTc02()[pri:2, instance:test.components.LoginTest@5ddeb7cb]" name="signinTc02" class="test.components.LoginTest"/>
        <method signature="ShopByBrandTest.brandCartTc10()[pri:2, instance:test.components.ShopByBrandTest@7188af83]" name="brandCartTc10" class="test.components.ShopByBrandTest"/>
        <method signature="ShopByDeaprtmentTest.departCartTc09()[pri:2, instance:test.components.ShopByDeaprtmentTest@496bc455]" name="departCartTc09" class="test.components.ShopByDeaprtmentTest"/>
        <method signature="LoginTest.signinTc03()[pri:11, instance:test.components.LoginTest@5ddeb7cb]" name="signinTc03" class="test.components.LoginTest"/>
        <method signature="LoginTest.signinTc04()[pri:12, instance:test.components.LoginTest@5ddeb7cb]" name="signinTc04" class="test.components.LoginTest"/>
        <method signature="AccountCreationTest.creationTc05()[pri:1, instance:test.components.AccountCreationTest@790da477]" name="creationTc05" class="test.components.AccountCreationTest"/>
        <method signature="BottomLinksTest.bottomLinksTc13()[pri:1, instance:test.components.BottomLinksTest@f1da57d]" name="bottomLinksTc13" class="test.components.BottomLinksTest"/>
        <method signature="CheckOutTest.paymentTc12()[pri:1, instance:test.components.CheckOutTest@194fad1]" name="paymentTc12" class="test.components.CheckOutTest"/>
        <method signature="LoginTest.signinTc01()[pri:1, instance:test.components.LoginTest@26abb146]" name="signinTc01" class="test.components.LoginTest"/>
        <method signature="MenuTest.menuValidationTc14()[pri:1, instance:test.components.MenuTest@5b7a7f33]" name="menuValidationTc14" class="test.components.MenuTest"/>
        <method signature="SearchAddItemTest.searchItemTc07()[pri:1, instance:test.components.SearchAddItemTest@72c8e7b]" name="searchItemTc07" class="test.components.SearchAddItemTest"/>
        <method signature="ShopByBrandTest.brandCartTc11()[pri:1, instance:test.components.ShopByBrandTest@38467116]" name="brandCartTc11" class="test.components.ShopByBrandTest"/>
        <method signature="ShopByDeaprtmentTest.departCartTc08()[pri:1, instance:test.components.ShopByDeaprtmentTest@65f8f5ae]" name="departCartTc08" class="test.components.ShopByDeaprtmentTest"/>
        <method signature="UrlLinkTest.brokenUrlValidationTc15()[pri:1, instance:test.components.UrlLinkTest@431cd9b2]" name="brokenUrlValidationTc15" class="test.components.UrlLinkTest"/>
        <method signature="AccountCreationTest.creationTc06()[pri:2, instance:test.components.AccountCreationTest@790da477]" name="creationTc06" class="test.components.AccountCreationTest"/>
        <method signature="LoginTest.signinTc02()[pri:2, instance:test.components.LoginTest@26abb146]" name="signinTc02" class="test.components.LoginTest"/>
        <method signature="ShopByBrandTest.brandCartTc10()[pri:2, instance:test.components.ShopByBrandTest@38467116]" name="brandCartTc10" class="test.components.ShopByBrandTest"/>
        <method signature="ShopByDeaprtmentTest.departCartTc09()[pri:2, instance:test.components.ShopByDeaprtmentTest@65f8f5ae]" name="departCartTc09" class="test.components.ShopByDeaprtmentTest"/>
        <method signature="LoginTest.signinTc03()[pri:11, instance:test.components.LoginTest@26abb146]" name="signinTc03" class="test.components.LoginTest"/>
        <method signature="LoginTest.signinTc04()[pri:12, instance:test.components.LoginTest@26abb146]" name="signinTc04" class="test.components.LoginTest"/>
      </group> <!-- Regression -->
      <group name="Smoke">
        <method signature="AccountCreationTest.creationTc05()[pri:1, instance:test.components.AccountCreationTest@7c37508a]" name="creationTc05" class="test.components.AccountCreationTest"/>
        <method signature="BottomLinksTest.bottomLinksTc13()[pri:1, instance:test.components.BottomLinksTest@7c137fd5]" name="bottomLinksTc13" class="test.components.BottomLinksTest"/>
        <method signature="CheckOutTest.paymentTc12()[pri:1, instance:test.components.CheckOutTest@24569dba]" name="paymentTc12" class="test.components.CheckOutTest"/>
        <method signature="LoginTest.signinTc01()[pri:1, instance:test.components.LoginTest@5ddeb7cb]" name="signinTc01" class="test.components.LoginTest"/>
        <method signature="MenuTest.menuValidationTc14()[pri:1, instance:test.components.MenuTest@6be968ce]" name="menuValidationTc14" class="test.components.MenuTest"/>
        <method signature="SearchAddItemTest.searchItemTc07()[pri:1, instance:test.components.SearchAddItemTest@70ed52de]" name="searchItemTc07" class="test.components.SearchAddItemTest"/>
        <method signature="ShopByDeaprtmentTest.departCartTc08()[pri:1, instance:test.components.ShopByDeaprtmentTest@496bc455]" name="departCartTc08" class="test.components.ShopByDeaprtmentTest"/>
        <method signature="UrlLinkTest.brokenUrlValidationTc15()[pri:1, instance:test.components.UrlLinkTest@59402b8f]" name="brokenUrlValidationTc15" class="test.components.UrlLinkTest"/>
        <method signature="ShopByBrandTest.brandCartTc10()[pri:2, instance:test.components.ShopByBrandTest@7188af83]" name="brandCartTc10" class="test.components.ShopByBrandTest"/>
        <method signature="AccountCreationTest.creationTc05()[pri:1, instance:test.components.AccountCreationTest@790da477]" name="creationTc05" class="test.components.AccountCreationTest"/>
        <method signature="BottomLinksTest.bottomLinksTc13()[pri:1, instance:test.components.BottomLinksTest@f1da57d]" name="bottomLinksTc13" class="test.components.BottomLinksTest"/>
        <method signature="CheckOutTest.paymentTc12()[pri:1, instance:test.components.CheckOutTest@194fad1]" name="paymentTc12" class="test.components.CheckOutTest"/>
        <method signature="LoginTest.signinTc01()[pri:1, instance:test.components.LoginTest@26abb146]" name="signinTc01" class="test.components.LoginTest"/>
        <method signature="MenuTest.menuValidationTc14()[pri:1, instance:test.components.MenuTest@5b7a7f33]" name="menuValidationTc14" class="test.components.MenuTest"/>
        <method signature="SearchAddItemTest.searchItemTc07()[pri:1, instance:test.components.SearchAddItemTest@72c8e7b]" name="searchItemTc07" class="test.components.SearchAddItemTest"/>
        <method signature="ShopByDeaprtmentTest.departCartTc08()[pri:1, instance:test.components.ShopByDeaprtmentTest@65f8f5ae]" name="departCartTc08" class="test.components.ShopByDeaprtmentTest"/>
        <method signature="UrlLinkTest.brokenUrlValidationTc15()[pri:1, instance:test.components.UrlLinkTest@431cd9b2]" name="brokenUrlValidationTc15" class="test.components.UrlLinkTest"/>
        <method signature="ShopByBrandTest.brandCartTc10()[pri:2, instance:test.components.ShopByBrandTest@38467116]" name="brandCartTc10" class="test.components.ShopByBrandTest"/>
      </group> <!-- Smoke -->
    </groups>
    <test started-at="2024-02-16T16:48:12 IST" name="Test" finished-at="2024-02-16T16:57:15 IST" duration-ms="542795">
      <class name="test.components.UrlLinkTest">
        <test-method is-config="true" signature="beforeMethod(java.lang.String)[pri:0, instance:test.components.UrlLinkTest@59402b8f]" started-at="2024-02-16T16:54:32 IST" name="beforeMethod" finished-at="2024-02-16T16:54:37 IST" duration-ms="5053" status="PASS">
          <params>
            <param index="0">
              <value>
                <![CDATA[firefox]]>
              </value>
            </param>
          </params>
          <reporter-output>
          </reporter-output>
        </test-method> <!-- beforeMethod -->
        <test-method signature="brokenUrlValidationTc15()[pri:1, instance:test.components.UrlLinkTest@59402b8f]" started-at="2024-02-16T16:54:37 IST" name="brokenUrlValidationTc15" finished-at="2024-02-16T16:54:46 IST" duration-ms="8543" status="PASS">
          <reporter-output>
          </reporter-output>
        </test-method> <!-- brokenUrlValidationTc15 -->
        <test-method is-config="true" signature="afterMethod()[pri:0, instance:test.components.UrlLinkTest@59402b8f]" started-at="2024-02-16T16:54:46 IST" name="afterMethod" finished-at="2024-02-16T16:54:48 IST" duration-ms="1924" status="PASS">
          <reporter-output>
          </reporter-output>
        </test-method> <!-- afterMethod -->
      </class> <!-- test.components.UrlLinkTest -->
      <class name="test.components.LoginTest">
        <test-method is-config="true" signature="beforeMethod(java.lang.String)[pri:0, instance:test.components.LoginTest@5ddeb7cb]" started-at="2024-02-16T16:51:07 IST" name="beforeMethod" finished-at="2024-02-16T16:51:12 IST" duration-ms="4961" status="PASS">
          <params>
            <param index="0">
              <value>
                <![CDATA[firefox]]>
              </value>
            </param>
          </params>
          <reporter-output>
          </reporter-output>
        </test-method> <!-- beforeMethod -->
        <test-method signature="signinTc01()[pri:1, instance:test.components.LoginTest@5ddeb7cb]" started-at="2024-02-16T16:51:12 IST" name="signinTc01" finished-at="2024-02-16T16:51:25 IST" duration-ms="12455" status="PASS">
          <reporter-output>
          </reporter-output>
        </test-method> <!-- signinTc01 -->
        <test-method is-config="true" signature="afterMethod()[pri:0, instance:test.components.LoginTest@5ddeb7cb]" started-at="2024-02-16T16:51:25 IST" name="afterMethod" finished-at="2024-02-16T16:51:26 IST" duration-ms="1836" status="PASS">
          <reporter-output>
          </reporter-output>
        </test-method> <!-- afterMethod -->
        <test-method is-config="true" signature="beforeMethod(java.lang.String)[pri:0, instance:test.components.LoginTest@5ddeb7cb]" started-at="2024-02-16T16:51:26 IST" name="beforeMethod" finished-at="2024-02-16T16:51:33 IST" duration-ms="6601" status="PASS">
          <params>
            <param index="0">
              <value>
                <![CDATA[firefox]]>
              </value>
            </param>
          </params>
          <reporter-output>
          </reporter-output>
        </test-method> <!-- beforeMethod -->
        <test-method signature="signinTc02()[pri:2, instance:test.components.LoginTest@5ddeb7cb]" started-at="2024-02-16T16:51:33 IST" name="signinTc02" finished-at="2024-02-16T16:51:48 IST" duration-ms="15086" status="PASS">
          <reporter-output>
          </reporter-output>
        </test-method> <!-- signinTc02 -->
        <test-method is-config="true" signature="afterMethod()[pri:0, instance:test.components.LoginTest@5ddeb7cb]" started-at="2024-02-16T16:51:48 IST" name="afterMethod" finished-at="2024-02-16T16:51:50 IST" duration-ms="1830" status="PASS">
          <reporter-output>
          </reporter-output>
        </test-method> <!-- afterMethod -->
        <test-method is-config="true" signature="beforeMethod(java.lang.String)[pri:0, instance:test.components.LoginTest@5ddeb7cb]" started-at="2024-02-16T16:51:50 IST" name="beforeMethod" finished-at="2024-02-16T16:51:55 IST" duration-ms="5438" status="PASS">
          <params>
            <param index="0">
              <value>
                <![CDATA[firefox]]>
              </value>
            </param>
          </params>
          <reporter-output>
          </reporter-output>
        </test-method> <!-- beforeMethod -->
        <test-method signature="signinTc03()[pri:11, instance:test.components.LoginTest@5ddeb7cb]" started-at="2024-02-16T16:51:55 IST" name="signinTc03" finished-at="2024-02-16T16:52:10 IST" duration-ms="14867" status="PASS">
          <reporter-output>
          </reporter-output>
        </test-method> <!-- signinTc03 -->
        <test-method is-config="true" signature="afterMethod()[pri:0, instance:test.components.LoginTest@5ddeb7cb]" started-at="2024-02-16T16:52:10 IST" name="afterMethod" finished-at="2024-02-16T16:52:12 IST" duration-ms="2148" status="PASS">
          <reporter-output>
          </reporter-output>
        </test-method> <!-- afterMethod -->
        <test-method is-config="true" signature="beforeMethod(java.lang.String)[pri:0, instance:test.components.LoginTest@5ddeb7cb]" started-at="2024-02-16T16:52:12 IST" name="beforeMethod" finished-at="2024-02-16T16:52:17 IST" duration-ms="4924" status="PASS">
          <params>
            <param index="0">
              <value>
                <![CDATA[firefox]]>
              </value>
            </param>
          </params>
          <reporter-output>
          </reporter-output>
        </test-method> <!-- beforeMethod -->
        <test-method signature="signinTc04()[pri:12, instance:test.components.LoginTest@5ddeb7cb]" started-at="2024-02-16T16:52:17 IST" name="signinTc04" finished-at="2024-02-16T16:52:32 IST" duration-ms="15131" status="PASS">
          <reporter-output>
          </reporter-output>
        </test-method> <!-- signinTc04 -->
        <test-method is-config="true" signature="afterMethod()[pri:0, instance:test.components.LoginTest@5ddeb7cb]" started-at="2024-02-16T16:52:32 IST" name="afterMethod" finished-at="2024-02-16T16:52:34 IST" duration-ms="1724" status="PASS">
          <reporter-output>
          </reporter-output>
        </test-method> <!-- afterMethod -->
      </class> <!-- test.components.LoginTest -->
      <class name="test.components.CheckOutTest">
        <test-method is-config="true" signature="beforeMethod(java.lang.String)[pri:0, instance:test.components.CheckOutTest@24569dba]" started-at="2024-02-16T16:49:56 IST" name="beforeMethod" finished-at="2024-02-16T16:50:01 IST" duration-ms="5120" status="PASS">
          <params>
            <param index="0">
              <value>
                <![CDATA[firefox]]>
              </value>
            </param>
          </params>
          <reporter-output>
          </reporter-output>
        </test-method> <!-- beforeMethod -->
        <test-method signature="paymentTc12()[pri:1, instance:test.components.CheckOutTest@24569dba]" started-at="2024-02-16T16:50:01 IST" name="paymentTc12" finished-at="2024-02-16T16:51:05 IST" duration-ms="63739" status="PASS">
          <reporter-output>
          </reporter-output>
        </test-method> <!-- paymentTc12 -->
        <test-method is-config="true" signature="afterMethod()[pri:0, instance:test.components.CheckOutTest@24569dba]" started-at="2024-02-16T16:51:05 IST" name="afterMethod" finished-at="2024-02-16T16:51:07 IST" duration-ms="2229" status="PASS">
          <reporter-output>
          </reporter-output>
        </test-method> <!-- afterMethod -->
      </class> <!-- test.components.CheckOutTest -->
      <class name="test.components.MenuTest">
        <test-method is-config="true" signature="beforeMethod(java.lang.String)[pri:0, instance:test.components.MenuTest@6be968ce]" started-at="2024-02-16T16:56:17 IST" name="beforeMethod" finished-at="2024-02-16T16:56:22 IST" duration-ms="4912" status="PASS">
          <params>
            <param index="0">
              <value>
                <![CDATA[firefox]]>
              </value>
            </param>
          </params>
          <reporter-output>
          </reporter-output>
        </test-method> <!-- beforeMethod -->
        <test-method signature="menuValidationTc14()[pri:1, instance:test.components.MenuTest@6be968ce]" started-at="2024-02-16T16:56:22 IST" name="menuValidationTc14" finished-at="2024-02-16T16:56:28 IST" duration-ms="6200" status="FAIL">
          <exception class="java.lang.AssertionError">
            <message>
              <![CDATA[expected [Top Deals and Featured Offers on Electronics - Best Buy] but found [Best Buy | Official Online Store | Shop Now & Save]]]>
            </message>
            <full-stacktrace>
              <![CDATA[java.lang.AssertionError: expected [Top Deals and Featured Offers on Electronics - Best Buy] but found [Best Buy | Official Online Store | Shop Now & Save]
at org.testng.Assert.fail(Assert.java:110)
at org.testng.Assert.failNotEquals(Assert.java:1577)
at org.testng.Assert.assertEqualsImpl(Assert.java:149)
at org.testng.Assert.assertEquals(Assert.java:131)
at org.testng.Assert.assertEquals(Assert.java:655)
at org.testng.Assert.assertEquals(Assert.java:665)
at page.components.MenuPage.menuValidate(MenuPage.java:51)
at test.components.MenuTest.menuValidationTc14(MenuTest.java:20)
at java.base/jdk.internal.reflect.NativeMethodAccessorImpl.invoke0(Native Method)
at java.base/jdk.internal.reflect.NativeMethodAccessorImpl.invoke(NativeMethodAccessorImpl.java:77)
at java.base/jdk.internal.reflect.DelegatingMethodAccessorImpl.invoke(DelegatingMethodAccessorImpl.java:43)
at java.base/java.lang.reflect.Method.invoke(Method.java:568)
at org.testng.internal.invokers.MethodInvocationHelper.invokeMethod(MethodInvocationHelper.java:139)
at org.testng.internal.invokers.TestInvoker.invokeMethod(TestInvoker.java:677)
at org.testng.internal.invokers.TestInvoker.invokeTestMethod(TestInvoker.java:221)
at org.testng.internal.invokers.MethodRunner.runInSequence(MethodRunner.java:50)
at org.testng.internal.invokers.TestInvoker$MethodInvocationAgent.invoke(TestInvoker.java:969)
at org.testng.internal.invokers.TestInvoker.invokeTestMethods(TestInvoker.java:194)
at org.testng.internal.invokers.TestMethodWorker.invokeTestMethods(TestMethodWorker.java:148)
at org.testng.internal.invokers.TestMethodWorker.run(TestMethodWorker.java:128)
at java.base/java.util.ArrayList.forEach(ArrayList.java:1511)
at org.testng.TestRunner.privateRun(TestRunner.java:829)
at org.testng.TestRunner.run(TestRunner.java:602)
at org.testng.SuiteRunner.runTest(SuiteRunner.java:437)
at org.testng.SuiteRunner.runSequentially(SuiteRunner.java:431)
at org.testng.SuiteRunner.privateRun(SuiteRunner.java:391)
at org.testng.SuiteRunner.run(SuiteRunner.java:330)
at org.testng.SuiteRunnerWorker.runSuite(SuiteRunnerWorker.java:52)
at org.testng.SuiteRunnerWorker.run(SuiteRunnerWorker.java:95)
at org.testng.TestNG.runSuitesSequentially(TestNG.java:1256)
at org.testng.TestNG.runSuitesLocally(TestNG.java:1176)
at org.testng.TestNG.runSuites(TestNG.java:1099)
at org.testng.TestNG.run(TestNG.java:1067)
at org.testng.remote.AbstractRemoteTestNG.run(AbstractRemoteTestNG.java:115)
at org.testng.remote.RemoteTestNG.initAndRun(RemoteTestNG.java:251)
at org.testng.remote.RemoteTestNG.main(RemoteTestNG.java:77)
]]>
            </full-stacktrace>
          </exception> <!-- java.lang.AssertionError -->
          <reporter-output>
          </reporter-output>
        </test-method> <!-- menuValidationTc14 -->
        <test-method is-config="true" signature="afterMethod()[pri:0, instance:test.components.MenuTest@6be968ce]" started-at="2024-02-16T16:56:28 IST" name="afterMethod" finished-at="2024-02-16T16:56:29 IST" duration-ms="1645" status="PASS">
          <reporter-output>
          </reporter-output>
        </test-method> <!-- afterMethod -->
      </class> <!-- test.components.MenuTest -->
      <class name="test.components.ShopByBrandTest">
        <test-method is-config="true" signature="beforeMethod(java.lang.String)[pri:0, instance:test.components.ShopByBrandTest@7188af83]" started-at="2024-02-16T16:54:48 IST" name="beforeMethod" finished-at="2024-02-16T16:54:54 IST" duration-ms="5846" status="PASS">
          <params>
            <param index="0">
              <value>
                <![CDATA[firefox]]>
              </value>
            </param>
          </params>
          <reporter-output>
          </reporter-output>
        </test-method> <!-- beforeMethod -->
        <test-method signature="brandCartTc11()[pri:1, instance:test.components.ShopByBrandTest@7188af83]" started-at="2024-02-16T16:54:54 IST" name="brandCartTc11" finished-at="2024-02-16T16:55:36 IST" duration-ms="41916" status="PASS">
          <reporter-output>
          </reporter-output>
        </test-method> <!-- brandCartTc11 -->
        <test-method is-config="true" signature="afterMethod()[pri:0, instance:test.components.ShopByBrandTest@7188af83]" started-at="2024-02-16T16:55:36 IST" name="afterMethod" finished-at="2024-02-16T16:55:38 IST" duration-ms="2761" status="PASS">
          <reporter-output>
          </reporter-output>
        </test-method> <!-- afterMethod -->
        <test-method is-config="true" signature="beforeMethod(java.lang.String)[pri:0, instance:test.components.ShopByBrandTest@7188af83]" started-at="2024-02-16T16:55:38 IST" name="beforeMethod" finished-at="2024-02-16T16:55:43 IST" duration-ms="4740" status="PASS">
          <params>
            <param index="0">
              <value>
                <![CDATA[firefox]]>
              </value>
            </param>
          </params>
          <reporter-output>
          </reporter-output>
        </test-method> <!-- beforeMethod -->
        <test-method signature="brandCartTc10()[pri:2, instance:test.components.ShopByBrandTest@7188af83]" started-at="2024-02-16T16:55:43 IST" name="brandCartTc10" finished-at="2024-02-16T16:56:14 IST" duration-ms="31200" status="PASS">
          <reporter-output>
          </reporter-output>
        </test-method> <!-- brandCartTc10 -->
        <test-method is-config="true" signature="afterMethod()[pri:0, instance:test.components.ShopByBrandTest@7188af83]" started-at="2024-02-16T16:56:14 IST" name="afterMethod" finished-at="2024-02-16T16:56:17 IST" duration-ms="2286" status="PASS">
          <reporter-output>
          </reporter-output>
        </test-method> <!-- afterMethod -->
      </class> <!-- test.components.ShopByBrandTest -->
      <class name="test.components.ShopByDeaprtmentTest">
        <test-method is-config="true" signature="beforeMethod(java.lang.String)[pri:0, instance:test.components.ShopByDeaprtmentTest@496bc455]" started-at="2024-02-16T16:53:18 IST" name="beforeMethod" finished-at="2024-02-16T16:53:23 IST" duration-ms="4711" status="PASS">
          <params>
            <param index="0">
              <value>
                <![CDATA[firefox]]>
              </value>
            </param>
          </params>
          <reporter-output>
          </reporter-output>
        </test-method> <!-- beforeMethod -->
        <test-method signature="departCartTc08()[pri:1, instance:test.components.ShopByDeaprtmentTest@496bc455]" started-at="2024-02-16T16:53:23 IST" name="departCartTc08" finished-at="2024-02-16T16:53:53 IST" duration-ms="30459" status="PASS">
          <reporter-output>
          </reporter-output>
        </test-method> <!-- departCartTc08 -->
        <test-method is-config="true" signature="afterMethod()[pri:0, instance:test.components.ShopByDeaprtmentTest@496bc455]" started-at="2024-02-16T16:53:53 IST" name="afterMethod" finished-at="2024-02-16T16:53:56 IST" duration-ms="2534" status="PASS">
          <reporter-output>
          </reporter-output>
        </test-method> <!-- afterMethod -->
        <test-method is-config="true" signature="beforeMethod(java.lang.String)[pri:0, instance:test.components.ShopByDeaprtmentTest@496bc455]" started-at="2024-02-16T16:53:56 IST" name="beforeMethod" finished-at="2024-02-16T16:54:01 IST" duration-ms="5214" status="PASS">
          <params>
            <param index="0">
              <value>
                <![CDATA[firefox]]>
              </value>
            </param>
          </params>
          <reporter-output>
          </reporter-output>
        </test-method> <!-- beforeMethod -->
        <test-method signature="departCartTc09()[pri:2, instance:test.components.ShopByDeaprtmentTest@496bc455]" started-at="2024-02-16T16:54:01 IST" name="departCartTc09" finished-at="2024-02-16T16:54:30 IST" duration-ms="28763" status="PASS">
          <reporter-output>
          </reporter-output>
        </test-method> <!-- departCartTc09 -->
        <test-method is-config="true" signature="afterMethod()[pri:0, instance:test.components.ShopByDeaprtmentTest@496bc455]" started-at="2024-02-16T16:54:30 IST" name="afterMethod" finished-at="2024-02-16T16:54:32 IST" duration-ms="2763" status="PASS">
          <reporter-output>
          </reporter-output>
        </test-method> <!-- afterMethod -->
      </class> <!-- test.components.ShopByDeaprtmentTest -->
      <class name="test.components.BottomLinksTest">
        <test-method is-config="true" signature="beforeMethod(java.lang.String)[pri:0, instance:test.components.BottomLinksTest@7c137fd5]" started-at="2024-02-16T16:48:12 IST" name="beforeMethod" finished-at="2024-02-16T16:48:19 IST" duration-ms="6437" status="PASS">
          <params>
            <param index="0">
              <value>
                <![CDATA[firefox]]>
              </value>
            </param>
          </params>
          <reporter-output>
          </reporter-output>
        </test-method> <!-- beforeMethod -->
        <test-method signature="bottomLinksTc13()[pri:1, instance:test.components.BottomLinksTest@7c137fd5]" started-at="2024-02-16T16:48:19 IST" name="bottomLinksTc13" finished-at="2024-02-16T16:49:52 IST" duration-ms="93378" status="PASS">
          <reporter-output>
          </reporter-output>
        </test-method> <!-- bottomLinksTc13 -->
        <test-method is-config="true" signature="afterMethod()[pri:0, instance:test.components.BottomLinksTest@7c137fd5]" started-at="2024-02-16T16:49:52 IST" name="afterMethod" finished-at="2024-02-16T16:49:56 IST" duration-ms="3742" status="PASS">
          <reporter-output>
          </reporter-output>
        </test-method> <!-- afterMethod -->
      </class> <!-- test.components.BottomLinksTest -->
      <class name="test.components.AccountCreationTest">
        <test-method is-config="true" signature="beforeMethod(java.lang.String)[pri:0, instance:test.components.AccountCreationTest@7c37508a]" started-at="2024-02-16T16:56:29 IST" name="beforeMethod" finished-at="2024-02-16T16:56:34 IST" duration-ms="4682" status="PASS">
          <params>
            <param index="0">
              <value>
                <![CDATA[firefox]]>
              </value>
            </param>
          </params>
          <reporter-output>
          </reporter-output>
        </test-method> <!-- beforeMethod -->
        <test-method signature="creationTc05()[pri:1, instance:test.components.AccountCreationTest@7c37508a]" started-at="2024-02-16T16:56:34 IST" name="creationTc05" finished-at="2024-02-16T16:56:50 IST" duration-ms="15845" status="PASS">
          <reporter-output>
          </reporter-output>
        </test-method> <!-- creationTc05 -->
        <test-method is-config="true" signature="afterMethod()[pri:0, instance:test.components.AccountCreationTest@7c37508a]" started-at="2024-02-16T16:56:50 IST" name="afterMethod" finished-at="2024-02-16T16:56:52 IST" duration-ms="2068" status="PASS">
          <reporter-output>
          </reporter-output>
        </test-method> <!-- afterMethod -->
        <test-method is-config="true" signature="beforeMethod(java.lang.String)[pri:0, instance:test.components.AccountCreationTest@7c37508a]" started-at="2024-02-16T16:56:52 IST" name="beforeMethod" finished-at="2024-02-16T16:56:57 IST" duration-ms="4988" status="PASS">
          <params>
            <param index="0">
              <value>
                <![CDATA[firefox]]>
              </value>
            </param>
          </params>
          <reporter-output>
          </reporter-output>
        </test-method> <!-- beforeMethod -->
        <test-method signature="creationTc06()[pri:2, instance:test.components.AccountCreationTest@7c37508a]" started-at="2024-02-16T16:56:57 IST" name="creationTc06" finished-at="2024-02-16T16:57:13 IST" duration-ms="16316" status="PASS">
          <reporter-output>
          </reporter-output>
        </test-method> <!-- creationTc06 -->
        <test-method is-config="true" signature="afterMethod()[pri:0, instance:test.components.AccountCreationTest@7c37508a]" started-at="2024-02-16T16:57:13 IST" name="afterMethod" finished-at="2024-02-16T16:57:15 IST" duration-ms="1780" status="PASS">
          <reporter-output>
          </reporter-output>
        </test-method> <!-- afterMethod -->
      </class> <!-- test.components.AccountCreationTest -->
      <class name="test.components.SearchAddItemTest">
        <test-method is-config="true" signature="beforeMethod(java.lang.String)[pri:0, instance:test.components.SearchAddItemTest@70ed52de]" started-at="2024-02-16T16:52:34 IST" name="beforeMethod" finished-at="2024-02-16T16:52:39 IST" duration-ms="5071" status="PASS">
          <params>
            <param index="0">
              <value>
                <![CDATA[firefox]]>
              </value>
            </param>
          </params>
          <reporter-output>
          </reporter-output>
        </test-method> <!-- beforeMethod -->
        <test-method signature="searchItemTc07()[pri:1, instance:test.components.SearchAddItemTest@70ed52de]" started-at="2024-02-16T16:52:39 IST" name="searchItemTc07" finished-at="2024-02-16T16:53:16 IST" duration-ms="36455" status="PASS">
          <reporter-output>
          </reporter-output>
        </test-method> <!-- searchItemTc07 -->
        <test-method is-config="true" signature="afterMethod()[pri:0, instance:test.components.SearchAddItemTest@70ed52de]" started-at="2024-02-16T16:53:16 IST" name="afterMethod" finished-at="2024-02-16T16:53:18 IST" duration-ms="2202" status="PASS">
          <reporter-output>
          </reporter-output>
        </test-method> <!-- afterMethod -->
      </class> <!-- test.components.SearchAddItemTest -->
    </test> <!-- Test -->
    <test started-at="2024-02-16T16:57:15 IST" name="Test1" finished-at="2024-02-16T17:06:34 IST" duration-ms="558525">
      <class name="test.components.UrlLinkTest">
        <test-method is-config="true" signature="beforeMethod(java.lang.String)[pri:0, instance:test.components.UrlLinkTest@431cd9b2]" started-at="2024-02-16T17:02:53 IST" name="beforeMethod" finished-at="2024-02-16T17:02:56 IST" duration-ms="2502" status="PASS">
          <params>
            <param index="0">
              <value>
                <![CDATA[chrome]]>
              </value>
            </param>
          </params>
          <reporter-output>
          </reporter-output>
        </test-method> <!-- beforeMethod -->
        <test-method signature="brokenUrlValidationTc15()[pri:1, instance:test.components.UrlLinkTest@431cd9b2]" started-at="2024-02-16T17:02:56 IST" name="brokenUrlValidationTc15" finished-at="2024-02-16T17:03:05 IST" duration-ms="9178" status="PASS">
          <reporter-output>
          </reporter-output>
        </test-method> <!-- brokenUrlValidationTc15 -->
        <test-method is-config="true" signature="afterMethod()[pri:0, instance:test.components.UrlLinkTest@431cd9b2]" started-at="2024-02-16T17:03:05 IST" name="afterMethod" finished-at="2024-02-16T17:03:05 IST" duration-ms="449" status="PASS">
          <reporter-output>
          </reporter-output>
        </test-method> <!-- afterMethod -->
      </class> <!-- test.components.UrlLinkTest -->
      <class name="test.components.LoginTest">
        <test-method is-config="true" signature="beforeMethod(java.lang.String)[pri:0, instance:test.components.LoginTest@26abb146]" started-at="2024-02-16T16:59:46 IST" name="beforeMethod" finished-at="2024-02-16T16:59:49 IST" duration-ms="3122" status="PASS">
          <params>
            <param index="0">
              <value>
                <![CDATA[chrome]]>
              </value>
            </param>
          </params>
          <reporter-output>
          </reporter-output>
        </test-method> <!-- beforeMethod -->
        <test-method signature="signinTc01()[pri:1, instance:test.components.LoginTest@26abb146]" started-at="2024-02-16T16:59:49 IST" name="signinTc01" finished-at="2024-02-16T17:00:05 IST" duration-ms="15256" status="PASS">
          <reporter-output>
          </reporter-output>
        </test-method> <!-- signinTc01 -->
        <test-method is-config="true" signature="afterMethod()[pri:0, instance:test.components.LoginTest@26abb146]" started-at="2024-02-16T17:00:05 IST" name="afterMethod" finished-at="2024-02-16T17:00:05 IST" duration-ms="467" status="PASS">
          <reporter-output>
          </reporter-output>
        </test-method> <!-- afterMethod -->
        <test-method is-config="true" signature="beforeMethod(java.lang.String)[pri:0, instance:test.components.LoginTest@26abb146]" started-at="2024-02-16T17:00:05 IST" name="beforeMethod" finished-at="2024-02-16T17:00:09 IST" duration-ms="3651" status="PASS">
          <params>
            <param index="0">
              <value>
                <![CDATA[chrome]]>
              </value>
            </param>
          </params>
          <reporter-output>
          </reporter-output>
        </test-method> <!-- beforeMethod -->
        <test-method signature="signinTc02()[pri:2, instance:test.components.LoginTest@26abb146]" started-at="2024-02-16T17:00:09 IST" name="signinTc02" finished-at="2024-02-16T17:00:25 IST" duration-ms="16021" status="PASS">
          <reporter-output>
          </reporter-output>
        </test-method> <!-- signinTc02 -->
        <test-method is-config="true" signature="afterMethod()[pri:0, instance:test.components.LoginTest@26abb146]" started-at="2024-02-16T17:00:25 IST" name="afterMethod" finished-at="2024-02-16T17:00:25 IST" duration-ms="502" status="PASS">
          <reporter-output>
          </reporter-output>
        </test-method> <!-- afterMethod -->
        <test-method is-config="true" signature="beforeMethod(java.lang.String)[pri:0, instance:test.components.LoginTest@26abb146]" started-at="2024-02-16T17:00:25 IST" name="beforeMethod" finished-at="2024-02-16T17:00:28 IST" duration-ms="3045" status="PASS">
          <params>
            <param index="0">
              <value>
                <![CDATA[chrome]]>
              </value>
            </param>
          </params>
          <reporter-output>
          </reporter-output>
        </test-method> <!-- beforeMethod -->
        <test-method signature="signinTc03()[pri:11, instance:test.components.LoginTest@26abb146]" started-at="2024-02-16T17:00:28 IST" name="signinTc03" finished-at="2024-02-16T17:00:46 IST" duration-ms="17417" status="PASS">
          <reporter-output>
          </reporter-output>
        </test-method> <!-- signinTc03 -->
        <test-method is-config="true" signature="afterMethod()[pri:0, instance:test.components.LoginTest@26abb146]" started-at="2024-02-16T17:00:46 IST" name="afterMethod" finished-at="2024-02-16T17:00:46 IST" duration-ms="535" status="PASS">
          <reporter-output>
          </reporter-output>
        </test-method> <!-- afterMethod -->
        <test-method is-config="true" signature="beforeMethod(java.lang.String)[pri:0, instance:test.components.LoginTest@26abb146]" started-at="2024-02-16T17:00:46 IST" name="beforeMethod" finished-at="2024-02-16T17:00:50 IST" duration-ms="3317" status="PASS">
          <params>
            <param index="0">
              <value>
                <![CDATA[chrome]]>
              </value>
            </param>
          </params>
          <reporter-output>
          </reporter-output>
        </test-method> <!-- beforeMethod -->
        <test-method signature="signinTc04()[pri:12, instance:test.components.LoginTest@26abb146]" started-at="2024-02-16T17:00:50 IST" name="signinTc04" finished-at="2024-02-16T17:01:07 IST" duration-ms="17531" status="PASS">
          <reporter-output>
          </reporter-output>
        </test-method> <!-- signinTc04 -->
        <test-method is-config="true" signature="afterMethod()[pri:0, instance:test.components.LoginTest@26abb146]" started-at="2024-02-16T17:01:07 IST" name="afterMethod" finished-at="2024-02-16T17:01:08 IST" duration-ms="642" status="PASS">
          <reporter-output>
          </reporter-output>
        </test-method> <!-- afterMethod -->
      </class> <!-- test.components.LoginTest -->
      <class name="test.components.CheckOutTest">
        <test-method is-config="true" signature="beforeMethod(java.lang.String)[pri:0, instance:test.components.CheckOutTest@194fad1]" started-at="2024-02-16T16:58:40 IST" name="beforeMethod" finished-at="2024-02-16T16:58:42 IST" duration-ms="2479" status="PASS">
          <params>
            <param index="0">
              <value>
                <![CDATA[chrome]]>
              </value>
            </param>
          </params>
          <reporter-output>
          </reporter-output>
        </test-method> <!-- beforeMethod -->
        <test-method signature="paymentTc12()[pri:1, instance:test.components.CheckOutTest@194fad1]" started-at="2024-02-16T16:58:42 IST" name="paymentTc12" finished-at="2024-02-16T16:59:45 IST" duration-ms="63373" status="PASS">
          <reporter-output>
          </reporter-output>
        </test-method> <!-- paymentTc12 -->
        <test-method is-config="true" signature="afterMethod()[pri:0, instance:test.components.CheckOutTest@194fad1]" started-at="2024-02-16T16:59:45 IST" name="afterMethod" finished-at="2024-02-16T16:59:46 IST" duration-ms="806" status="PASS">
          <reporter-output>
          </reporter-output>
        </test-method> <!-- afterMethod -->
      </class> <!-- test.components.CheckOutTest -->
      <class name="test.components.MenuTest">
        <test-method is-config="true" signature="beforeMethod(java.lang.String)[pri:0, instance:test.components.MenuTest@5b7a7f33]" started-at="2024-02-16T17:04:31 IST" name="beforeMethod" finished-at="2024-02-16T17:04:33 IST" duration-ms="1972" status="PASS">
          <params>
            <param index="0">
              <value>
                <![CDATA[chrome]]>
              </value>
            </param>
          </params>
          <reporter-output>
          </reporter-output>
        </test-method> <!-- beforeMethod -->
        <test-method signature="menuValidationTc14()[pri:1, instance:test.components.MenuTest@5b7a7f33]" started-at="2024-02-16T17:04:33 IST" name="menuValidationTc14" finished-at="2024-02-16T17:05:49 IST" duration-ms="76128" status="PASS">
          <reporter-output>
          </reporter-output>
        </test-method> <!-- menuValidationTc14 -->
        <test-method is-config="true" signature="afterMethod()[pri:0, instance:test.components.MenuTest@5b7a7f33]" started-at="2024-02-16T17:05:49 IST" name="afterMethod" finished-at="2024-02-16T17:05:50 IST" duration-ms="983" status="PASS">
          <reporter-output>
          </reporter-output>
        </test-method> <!-- afterMethod -->
      </class> <!-- test.components.MenuTest -->
      <class name="test.components.ShopByBrandTest">
        <test-method is-config="true" signature="beforeMethod(java.lang.String)[pri:0, instance:test.components.ShopByBrandTest@38467116]" started-at="2024-02-16T17:03:05 IST" name="beforeMethod" finished-at="2024-02-16T17:03:08 IST" duration-ms="2594" status="PASS">
          <params>
            <param index="0">
              <value>
                <![CDATA[chrome]]>
              </value>
            </param>
          </params>
          <reporter-output>
          </reporter-output>
        </test-method> <!-- beforeMethod -->
        <test-method signature="brandCartTc11()[pri:1, instance:test.components.ShopByBrandTest@38467116]" started-at="2024-02-16T17:03:08 IST" name="brandCartTc11" finished-at="2024-02-16T17:03:51 IST" duration-ms="43398" status="PASS">
          <reporter-output>
          </reporter-output>
        </test-method> <!-- brandCartTc11 -->
        <test-method is-config="true" signature="afterMethod()[pri:0, instance:test.components.ShopByBrandTest@38467116]" started-at="2024-02-16T17:03:51 IST" name="afterMethod" finished-at="2024-02-16T17:03:52 IST" duration-ms="783" status="PASS">
          <reporter-output>
          </reporter-output>
        </test-method> <!-- afterMethod -->
        <test-method is-config="true" signature="beforeMethod(java.lang.String)[pri:0, instance:test.components.ShopByBrandTest@38467116]" started-at="2024-02-16T17:03:52 IST" name="beforeMethod" finished-at="2024-02-16T17:03:56 IST" duration-ms="3519" status="PASS">
          <params>
            <param index="0">
              <value>
                <![CDATA[chrome]]>
              </value>
            </param>
          </params>
          <reporter-output>
          </reporter-output>
        </test-method> <!-- beforeMethod -->
        <test-method signature="brandCartTc10()[pri:2, instance:test.components.ShopByBrandTest@38467116]" started-at="2024-02-16T17:03:56 IST" name="brandCartTc10" finished-at="2024-02-16T17:04:30 IST" duration-ms="34345" status="PASS">
          <reporter-output>
          </reporter-output>
        </test-method> <!-- brandCartTc10 -->
        <test-method is-config="true" signature="afterMethod()[pri:0, instance:test.components.ShopByBrandTest@38467116]" started-at="2024-02-16T17:04:30 IST" name="afterMethod" finished-at="2024-02-16T17:04:31 IST" duration-ms="614" status="PASS">
          <reporter-output>
          </reporter-output>
        </test-method> <!-- afterMethod -->
      </class> <!-- test.components.ShopByBrandTest -->
      <class name="test.components.ShopByDeaprtmentTest">
        <test-method is-config="true" signature="beforeMethod(java.lang.String)[pri:0, instance:test.components.ShopByDeaprtmentTest@65f8f5ae]" started-at="2024-02-16T17:01:43 IST" name="beforeMethod" finished-at="2024-02-16T17:01:46 IST" duration-ms="2660" status="PASS">
          <params>
            <param index="0">
              <value>
                <![CDATA[chrome]]>
              </value>
            </param>
          </params>
          <reporter-output>
          </reporter-output>
        </test-method> <!-- beforeMethod -->
        <test-method signature="departCartTc08()[pri:1, instance:test.components.ShopByDeaprtmentTest@65f8f5ae]" started-at="2024-02-16T17:01:46 IST" name="departCartTc08" finished-at="2024-02-16T17:02:17 IST" duration-ms="31933" status="PASS">
          <reporter-output>
          </reporter-output>
        </test-method> <!-- departCartTc08 -->
        <test-method is-config="true" signature="afterMethod()[pri:0, instance:test.components.ShopByDeaprtmentTest@65f8f5ae]" started-at="2024-02-16T17:02:17 IST" name="afterMethod" finished-at="2024-02-16T17:02:18 IST" duration-ms="862" status="PASS">
          <reporter-output>
          </reporter-output>
        </test-method> <!-- afterMethod -->
        <test-method is-config="true" signature="beforeMethod(java.lang.String)[pri:0, instance:test.components.ShopByDeaprtmentTest@65f8f5ae]" started-at="2024-02-16T17:02:18 IST" name="beforeMethod" finished-at="2024-02-16T17:02:21 IST" duration-ms="2755" status="PASS">
          <params>
            <param index="0">
              <value>
                <![CDATA[chrome]]>
              </value>
            </param>
          </params>
          <reporter-output>
          </reporter-output>
        </test-method> <!-- beforeMethod -->
        <test-method signature="departCartTc09()[pri:2, instance:test.components.ShopByDeaprtmentTest@65f8f5ae]" started-at="2024-02-16T17:02:21 IST" name="departCartTc09" finished-at="2024-02-16T17:02:53 IST" duration-ms="31616" status="PASS">
          <reporter-output>
          </reporter-output>
        </test-method> <!-- departCartTc09 -->
        <test-method is-config="true" signature="afterMethod()[pri:0, instance:test.components.ShopByDeaprtmentTest@65f8f5ae]" started-at="2024-02-16T17:02:53 IST" name="afterMethod" finished-at="2024-02-16T17:02:53 IST" duration-ms="560" status="PASS">
          <reporter-output>
          </reporter-output>
        </test-method> <!-- afterMethod -->
      </class> <!-- test.components.ShopByDeaprtmentTest -->
      <class name="test.components.BottomLinksTest">
        <test-method is-config="true" signature="beforeSuite()[pri:0, instance:test.components.BottomLinksTest@f1da57d]" started-at="2024-02-16T16:48:12 IST" name="beforeSuite" finished-at="2024-02-16T16:48:12 IST" duration-ms="306" status="PASS">
          <reporter-output>
          </reporter-output>
        </test-method> <!-- beforeSuite -->
        <test-method is-config="true" signature="beforeMethod(java.lang.String)[pri:0, instance:test.components.BottomLinksTest@f1da57d]" started-at="2024-02-16T16:57:15 IST" name="beforeMethod" finished-at="2024-02-16T16:57:18 IST" duration-ms="3166" status="PASS">
          <params>
            <param index="0">
              <value>
                <![CDATA[chrome]]>
              </value>
            </param>
          </params>
          <reporter-output>
          </reporter-output>
        </test-method> <!-- beforeMethod -->
        <test-method signature="bottomLinksTc13()[pri:1, instance:test.components.BottomLinksTest@f1da57d]" started-at="2024-02-16T16:57:18 IST" name="bottomLinksTc13" finished-at="2024-02-16T16:58:39 IST" duration-ms="80082" status="PASS">
          <reporter-output>
          </reporter-output>
        </test-method> <!-- bottomLinksTc13 -->
        <test-method is-config="true" signature="afterMethod()[pri:0, instance:test.components.BottomLinksTest@f1da57d]" started-at="2024-02-16T16:58:39 IST" name="afterMethod" finished-at="2024-02-16T16:58:40 IST" duration-ms="1011" status="PASS">
          <reporter-output>
          </reporter-output>
        </test-method> <!-- afterMethod -->
      </class> <!-- test.components.BottomLinksTest -->
      <class name="test.components.AccountCreationTest">
        <test-method is-config="true" signature="beforeMethod(java.lang.String)[pri:0, instance:test.components.AccountCreationTest@790da477]" started-at="2024-02-16T17:05:50 IST" name="beforeMethod" finished-at="2024-02-16T17:05:52 IST" duration-ms="2480" status="PASS">
          <params>
            <param index="0">
              <value>
                <![CDATA[chrome]]>
              </value>
            </param>
          </params>
          <reporter-output>
          </reporter-output>
        </test-method> <!-- beforeMethod -->
        <test-method signature="creationTc05()[pri:1, instance:test.components.AccountCreationTest@790da477]" started-at="2024-02-16T17:05:52 IST" name="creationTc05" finished-at="2024-02-16T17:06:12 IST" duration-ms="19589" status="PASS">
          <reporter-output>
          </reporter-output>
        </test-method> <!-- creationTc05 -->
        <test-method is-config="true" signature="afterMethod()[pri:0, instance:test.components.AccountCreationTest@790da477]" started-at="2024-02-16T17:06:12 IST" name="afterMethod" finished-at="2024-02-16T17:06:13 IST" duration-ms="679" status="PASS">
          <reporter-output>
          </reporter-output>
        </test-method> <!-- afterMethod -->
        <test-method is-config="true" signature="beforeMethod(java.lang.String)[pri:0, instance:test.components.AccountCreationTest@790da477]" started-at="2024-02-16T17:06:13 IST" name="beforeMethod" finished-at="2024-02-16T17:06:15 IST" duration-ms="2570" status="PASS">
          <params>
            <param index="0">
              <value>
                <![CDATA[chrome]]>
              </value>
            </param>
          </params>
          <reporter-output>
          </reporter-output>
        </test-method> <!-- beforeMethod -->
        <test-method signature="creationTc06()[pri:2, instance:test.components.AccountCreationTest@790da477]" started-at="2024-02-16T17:06:15 IST" name="creationTc06" finished-at="2024-02-16T17:06:33 IST" duration-ms="18076" status="PASS">
          <reporter-output>
          </reporter-output>
        </test-method> <!-- creationTc06 -->
        <test-method is-config="true" signature="afterMethod()[pri:0, instance:test.components.AccountCreationTest@790da477]" started-at="2024-02-16T17:06:33 IST" name="afterMethod" finished-at="2024-02-16T17:06:34 IST" duration-ms="604" status="PASS">
          <reporter-output>
          </reporter-output>
        </test-method> <!-- afterMethod -->
      </class> <!-- test.components.AccountCreationTest -->
      <class name="test.components.SearchAddItemTest">
        <test-method is-config="true" signature="beforeMethod(java.lang.String)[pri:0, instance:test.components.SearchAddItemTest@72c8e7b]" started-at="2024-02-16T17:01:08 IST" name="beforeMethod" finished-at="2024-02-16T17:01:11 IST" duration-ms="2776" status="PASS">
          <params>
            <param index="0">
              <value>
                <![CDATA[chrome]]>
              </value>
            </param>
          </params>
          <reporter-output>
          </reporter-output>
        </test-method> <!-- beforeMethod -->
        <test-method signature="searchItemTc07()[pri:1, instance:test.components.SearchAddItemTest@72c8e7b]" started-at="2024-02-16T17:01:11 IST" name="searchItemTc07" finished-at="2024-02-16T17:01:42 IST" duration-ms="31539" status="PASS">
          <reporter-output>
          </reporter-output>
        </test-method> <!-- searchItemTc07 -->
        <test-method is-config="true" signature="afterMethod()[pri:0, instance:test.components.SearchAddItemTest@72c8e7b]" started-at="2024-02-16T17:01:42 IST" name="afterMethod" finished-at="2024-02-16T17:01:43 IST" duration-ms="727" status="PASS">
          <reporter-output>
          </reporter-output>
        </test-method> <!-- afterMethod -->
      </class> <!-- test.components.SearchAddItemTest -->
    </test> <!-- Test1 -->
  </suite> <!-- Suite -->
</testng-results>
